2025-05-31T11:58:02.399-03:00  INFO 2696 --- [music] [restartedMain] br.com.project.music.MusicApplication    : Starting MusicApplication using Java 21.0.7 with PID 2696 (C:\Users\Gabriel Pego\IdeaProjects\musicApp\target\classes started by Gabriel Pego in C:\Users\Gabriel Pego\IdeaProjects\musicApp)
2025-05-31T11:58:02.401-03:00  INFO 2696 --- [music] [restartedMain] br.com.project.music.MusicApplication    : No active profile set, falling back to 1 default profile: "default"
2025-05-31T11:58:02.461-03:00  INFO 2696 --- [music] [restartedMain] .e.DevToolsPropertyDefaultsPostProcessor : Devtools property defaults active! Set 'spring.devtools.add-properties' to 'false' to disable
2025-05-31T11:58:02.462-03:00  INFO 2696 --- [music] [restartedMain] .e.DevToolsPropertyDefaultsPostProcessor : For additional web related logging consider setting the 'logging.level.web' property to 'DEBUG'
2025-05-31T11:58:02.484-03:00  INFO 2696 --- [music] [restartedMain] .s.b.d.c.l.DockerComposeLifecycleManager : Using Docker Compose file C:\Users\Gabriel Pego\IdeaProjects\musicApp\compose.yaml
2025-05-31T11:58:03.926-03:00  INFO 2696 --- [music] [OutputReader-stderr] o.s.boot.docker.compose.core.DockerCli   : time="2025-05-31T11:58:03-03:00" level=warning msg="C:\\Users\\Gabriel Pego\\IdeaProjects\\musicApp\\compose.yaml: the attribute `version` is obsolete, it will be ignored, please remove it to avoid potential confusion"
2025-05-31T11:58:04.018-03:00  INFO 2696 --- [music] [OutputReader-stderr] o.s.boot.docker.compose.core.DockerCli   :  Container eventomusical-db  Created
2025-05-31T11:58:04.019-03:00  INFO 2696 --- [music] [OutputReader-stderr] o.s.boot.docker.compose.core.DockerCli   :  Container db-sync  Created
2025-05-31T11:58:04.046-03:00  INFO 2696 --- [music] [OutputReader-stderr] o.s.boot.docker.compose.core.DockerCli   :  Container eventomusical-db  Starting
2025-05-31T11:58:04.595-03:00  INFO 2696 --- [music] [OutputReader-stderr] o.s.boot.docker.compose.core.DockerCli   :  Container eventomusical-db  Started
2025-05-31T11:58:04.596-03:00  INFO 2696 --- [music] [OutputReader-stderr] o.s.boot.docker.compose.core.DockerCli   :  Container db-sync  Starting
2025-05-31T11:58:04.961-03:00  INFO 2696 --- [music] [OutputReader-stderr] o.s.boot.docker.compose.core.DockerCli   :  Container db-sync  Started
2025-05-31T11:58:04.962-03:00  INFO 2696 --- [music] [OutputReader-stderr] o.s.boot.docker.compose.core.DockerCli   :  Container eventomusical-db  Waiting
2025-05-31T11:58:04.962-03:00  INFO 2696 --- [music] [OutputReader-stderr] o.s.boot.docker.compose.core.DockerCli   :  Container db-sync  Waiting
2025-05-31T11:58:05.476-03:00  INFO 2696 --- [music] [OutputReader-stderr] o.s.boot.docker.compose.core.DockerCli   :  Container db-sync  Healthy
2025-05-31T11:58:05.476-03:00  INFO 2696 --- [music] [OutputReader-stderr] o.s.boot.docker.compose.core.DockerCli   :  Container eventomusical-db  Healthy
2025-05-31T11:58:09.503-03:00  INFO 2696 --- [music] [restartedMain] .s.d.r.c.RepositoryConfigurationDelegate : Bootstrapping Spring Data JPA repositories in DEFAULT mode.
2025-05-31T11:58:09.782-03:00  INFO 2696 --- [music] [restartedMain] .s.d.r.c.RepositoryConfigurationDelegate : Finished Spring Data repository scanning in 267 ms. Found 10 JPA repository interfaces.
2025-05-31T11:58:10.829-03:00  INFO 2696 --- [music] [restartedMain] o.s.b.w.embedded.tomcat.TomcatWebServer  : Tomcat initialized with port 8080 (http)
2025-05-31T11:58:10.847-03:00  INFO 2696 --- [music] [restartedMain] o.apache.catalina.core.StandardService   : Starting service [Tomcat]
2025-05-31T11:58:10.848-03:00  INFO 2696 --- [music] [restartedMain] o.apache.catalina.core.StandardEngine    : Starting Servlet engine: [Apache Tomcat/10.1.39]
2025-05-31T11:58:10.939-03:00  INFO 2696 --- [music] [restartedMain] o.a.c.c.C.[Tomcat].[localhost].[/]       : Initializing Spring embedded WebApplicationContext
2025-05-31T11:58:10.940-03:00  INFO 2696 --- [music] [restartedMain] w.s.c.ServletWebServerApplicationContext : Root WebApplicationContext: initialization completed in 2995 ms
2025-05-31T11:58:11.175-03:00  INFO 2696 --- [music] [restartedMain] o.hibernate.jpa.internal.util.LogHelper  : HHH000204: Processing PersistenceUnitInfo [name: default]
2025-05-31T11:58:11.275-03:00  INFO 2696 --- [music] [restartedMain] org.hibernate.Version                    : HHH000412: Hibernate ORM core version 6.6.11.Final
2025-05-31T11:58:11.324-03:00  INFO 2696 --- [music] [restartedMain] o.h.c.internal.RegionFactoryInitiator    : HHH000026: Second-level cache disabled
2025-05-31T11:58:11.729-03:00  INFO 2696 --- [music] [restartedMain] o.s.o.j.p.SpringPersistenceUnitInfo      : No LoadTimeWeaver setup: ignoring JPA class transformer
2025-05-31T11:58:11.775-03:00  INFO 2696 --- [music] [restartedMain] com.zaxxer.hikari.HikariDataSource       : HikariPool-1 - Starting...
2025-05-31T11:58:12.361-03:00  INFO 2696 --- [music] [restartedMain] com.zaxxer.hikari.pool.HikariPool        : HikariPool-1 - Added connection com.mysql.cj.jdbc.ConnectionImpl@5a5e1ae5
2025-05-31T11:58:12.363-03:00  INFO 2696 --- [music] [restartedMain] com.zaxxer.hikari.HikariDataSource       : HikariPool-1 - Start completed.
2025-05-31T11:58:12.471-03:00  INFO 2696 --- [music] [restartedMain] org.hibernate.orm.connections.pooling    : HHH10001005: Database info:
	Database JDBC URL [Connecting through datasource 'HikariDataSource (HikariPool-1)']
	Database driver: undefined/unknown
	Database version: 8.0.41
	Autocommit mode: undefined/unknown
	Isolation level: undefined/unknown
	Minimum pool size: undefined/unknown
	Maximum pool size: undefined/unknown
2025-05-31T11:58:13.944-03:00  INFO 2696 --- [music] [restartedMain] o.h.e.t.j.p.i.JtaPlatformInitiator       : HHH000489: No JTA platform available (set 'hibernate.transaction.jta.platform' to enable JTA platform integration)
2025-05-31T11:58:14.138-03:00  INFO 2696 --- [music] [restartedMain] j.LocalContainerEntityManagerFactoryBean : Initialized JPA EntityManagerFactory for persistence unit 'default'
2025-05-31T11:58:14.535-03:00  INFO 2696 --- [music] [restartedMain] o.s.d.j.r.query.QueryEnhancerFactory     : Hibernate is in classpath; If applicable, HQL parser will be used.
2025-05-31T11:58:16.018-03:00  INFO 2696 --- [music] [restartedMain] eAuthenticationProviderManagerConfigurer : Global AuthenticationManager configured with AuthenticationProvider bean with name authenticationProvider
2025-05-31T11:58:16.607-03:00 DEBUG 2696 --- [music] [restartedMain] o.s.s.web.DefaultSecurityFilterChain     : Will secure any request with filters: DisableEncodeUrlFilter, WebAsyncManagerIntegrationFilter, SecurityContextHolderFilter, HeaderWriterFilter, LogoutFilter, OAuth2AuthorizationRequestRedirectFilter, OAuth2LoginAuthenticationFilter, JwtAuthenticationFilter, DefaultResourcesFilter, DefaultLoginPageGeneratingFilter, DefaultLogoutPageGeneratingFilter, RequestCacheAwareFilter, SecurityContextHolderAwareRequestFilter, AnonymousAuthenticationFilter, SessionManagementFilter, ExceptionTranslationFilter, AuthorizationFilter
2025-05-31T11:58:16.624-03:00  WARN 2696 --- [music] [restartedMain] o.s.s.c.a.web.builders.WebSecurity       : You are asking Spring Security to ignore Deferred [Mvc [pattern='/v2/api-docs/**'], Ant [pattern='/v2/api-docs/**']]. This is not recommended -- please use permitAll via HttpSecurity#authorizeHttpRequests instead.
2025-05-31T11:58:16.624-03:00 DEBUG 2696 --- [music] [restartedMain] o.s.s.web.DefaultSecurityFilterChain     : Will not secure Deferred [Mvc [pattern='/v2/api-docs/**'], Ant [pattern='/v2/api-docs/**']]
2025-05-31T11:58:16.625-03:00  WARN 2696 --- [music] [restartedMain] o.s.s.c.a.web.builders.WebSecurity       : You are asking Spring Security to ignore Deferred [Mvc [pattern='/v3/api-docs/**'], Ant [pattern='/v3/api-docs/**']]. This is not recommended -- please use permitAll via HttpSecurity#authorizeHttpRequests instead.
2025-05-31T11:58:16.625-03:00 DEBUG 2696 --- [music] [restartedMain] o.s.s.web.DefaultSecurityFilterChain     : Will not secure Deferred [Mvc [pattern='/v3/api-docs/**'], Ant [pattern='/v3/api-docs/**']]
2025-05-31T11:58:16.625-03:00  WARN 2696 --- [music] [restartedMain] o.s.s.c.a.web.builders.WebSecurity       : You are asking Spring Security to ignore Deferred [Mvc [pattern='/swagger-resources/**'], Ant [pattern='/swagger-resources/**']]. This is not recommended -- please use permitAll via HttpSecurity#authorizeHttpRequests instead.
2025-05-31T11:58:16.625-03:00 DEBUG 2696 --- [music] [restartedMain] o.s.s.web.DefaultSecurityFilterChain     : Will not secure Deferred [Mvc [pattern='/swagger-resources/**'], Ant [pattern='/swagger-resources/**']]
2025-05-31T11:58:16.625-03:00  WARN 2696 --- [music] [restartedMain] o.s.s.c.a.web.builders.WebSecurity       : You are asking Spring Security to ignore Deferred [Mvc [pattern='/swagger-ui.html'], Ant [pattern='/swagger-ui.html']]. This is not recommended -- please use permitAll via HttpSecurity#authorizeHttpRequests instead.
2025-05-31T11:58:16.626-03:00 DEBUG 2696 --- [music] [restartedMain] o.s.s.web.DefaultSecurityFilterChain     : Will not secure Deferred [Mvc [pattern='/swagger-ui.html'], Ant [pattern='/swagger-ui.html']]
2025-05-31T11:58:16.626-03:00  WARN 2696 --- [music] [restartedMain] o.s.s.c.a.web.builders.WebSecurity       : You are asking Spring Security to ignore Deferred [Mvc [pattern='/swagger-ui/**'], Ant [pattern='/swagger-ui/**']]. This is not recommended -- please use permitAll via HttpSecurity#authorizeHttpRequests instead.
2025-05-31T11:58:16.626-03:00 DEBUG 2696 --- [music] [restartedMain] o.s.s.web.DefaultSecurityFilterChain     : Will not secure Deferred [Mvc [pattern='/swagger-ui/**'], Ant [pattern='/swagger-ui/**']]
2025-05-31T11:58:16.626-03:00  WARN 2696 --- [music] [restartedMain] o.s.s.c.a.web.builders.WebSecurity       : You are asking Spring Security to ignore Deferred [Mvc [pattern='/webjars/**'], Ant [pattern='/webjars/**']]. This is not recommended -- please use permitAll via HttpSecurity#authorizeHttpRequests instead.
2025-05-31T11:58:16.626-03:00 DEBUG 2696 --- [music] [restartedMain] o.s.s.web.DefaultSecurityFilterChain     : Will not secure Deferred [Mvc [pattern='/webjars/**'], Ant [pattern='/webjars/**']]
2025-05-31T11:58:17.089-03:00  INFO 2696 --- [music] [restartedMain] o.s.b.a.h2.H2ConsoleAutoConfiguration    : H2 console available at '/h2-console'. Database available at 'jdbc:mysql://127.0.0.1:3307/eventomusical'
2025-05-31T11:58:17.271-03:00  INFO 2696 --- [music] [restartedMain] .w.s.a.s.AnnotationActionEndpointMapping : Supporting [WS-Addressing August 2004, WS-Addressing 1.0]
2025-05-31T11:58:17.357-03:00  INFO 2696 --- [music] [restartedMain] o.s.b.d.a.OptionalLiveReloadServer       : LiveReload server is running on port 35729
2025-05-31T11:58:17.499-03:00  INFO 2696 --- [music] [restartedMain] o.s.b.w.embedded.tomcat.TomcatWebServer  : Tomcat started on port 8080 (http) with context path '/'
2025-05-31T11:58:17.511-03:00  INFO 2696 --- [music] [restartedMain] br.com.project.music.MusicApplication    : Started MusicApplication in 15.732 seconds (process running for 17.362)
2025-05-31T12:00:06.605-03:00  INFO 2696 --- [music] [SpringApplicationShutdownHook] o.s.b.w.e.tomcat.GracefulShutdown        : Commencing graceful shutdown. Waiting for active requests to complete
2025-05-31T12:00:06.611-03:00  INFO 2696 --- [music] [tomcat-shutdown] o.s.b.w.e.tomcat.GracefulShutdown        : Graceful shutdown complete
2025-05-31T12:00:06.654-03:00  INFO 2696 --- [music] [SpringApplicationShutdownHook] j.LocalContainerEntityManagerFactoryBean : Closing JPA EntityManagerFactory for persistence unit 'default'
2025-05-31T12:00:06.658-03:00  INFO 2696 --- [music] [SpringApplicationShutdownHook] com.zaxxer.hikari.HikariDataSource       : HikariPool-1 - Shutdown initiated...
2025-05-31T12:00:06.669-03:00  INFO 2696 --- [music] [SpringApplicationShutdownHook] com.zaxxer.hikari.HikariDataSource       : HikariPool-1 - Shutdown completed.
2025-05-31T12:04:49.675-03:00  INFO 3224 --- [music] [restartedMain] eAuthenticationProviderManagerConfigurer : Global AuthenticationManager configured with AuthenticationProvider bean with name authenticationProvider
2025-05-31T12:04:49.677-03:00  WARN 3224 --- [music] [restartedMain] r$InitializeUserDetailsManagerConfigurer : Global AuthenticationManager configured with an AuthenticationProvider bean. UserDetailsService beans will not be used by Spring Security for automatically configuring username/password login. Consider removing the AuthenticationProvider bean. Alternatively, consider using the UserDetailsService in a manually instantiated DaoAuthenticationProvider. If the current configuration is intentional, to turn off this warning, increase the logging level of 'org.springframework.security.config.annotation.authentication.configuration.InitializeUserDetailsBeanManagerConfigurer' to ERROR
2025-05-31T12:04:50.323-03:00 DEBUG 3224 --- [music] [restartedMain] o.s.s.web.DefaultSecurityFilterChain     : Will secure any request with filters: DisableEncodeUrlFilter, WebAsyncManagerIntegrationFilter, SecurityContextHolderFilter, HeaderWriterFilter, LogoutFilter, OAuth2AuthorizationRequestRedirectFilter, OAuth2LoginAuthenticationFilter, JwtAuthenticationFilter, DefaultResourcesFilter, DefaultLoginPageGeneratingFilter, DefaultLogoutPageGeneratingFilter, RequestCacheAwareFilter, SecurityContextHolderAwareRequestFilter, AnonymousAuthenticationFilter, SessionManagementFilter, ExceptionTranslationFilter, AuthorizationFilter
2025-05-31T12:04:50.339-03:00  WARN 3224 --- [music] [restartedMain] o.s.s.c.a.web.builders.WebSecurity       : You are asking Spring Security to ignore Deferred [Mvc [pattern='/v2/api-docs/**'], Ant [pattern='/v2/api-docs/**']]. This is not recommended -- please use permitAll via HttpSecurity#authorizeHttpRequests instead.
2025-05-31T12:04:50.339-03:00 DEBUG 3224 --- [music] [restartedMain] o.s.s.web.DefaultSecurityFilterChain     : Will not secure Deferred [Mvc [pattern='/v2/api-docs/**'], Ant [pattern='/v2/api-docs/**']]
2025-05-31T12:04:50.340-03:00  WARN 3224 --- [music] [restartedMain] o.s.s.c.a.web.builders.WebSecurity       : You are asking Spring Security to ignore Deferred [Mvc [pattern='/v3/api-docs/**'], Ant [pattern='/v3/api-docs/**']]. This is not recommended -- please use permitAll via HttpSecurity#authorizeHttpRequests instead.
2025-05-31T12:04:50.340-03:00 DEBUG 3224 --- [music] [restartedMain] o.s.s.web.DefaultSecurityFilterChain     : Will not secure Deferred [Mvc [pattern='/v3/api-docs/**'], Ant [pattern='/v3/api-docs/**']]
2025-05-31T12:04:50.340-03:00  WARN 3224 --- [music] [restartedMain] o.s.s.c.a.web.builders.WebSecurity       : You are asking Spring Security to ignore Deferred [Mvc [pattern='/swagger-resources/**'], Ant [pattern='/swagger-resources/**']]. This is not recommended -- please use permitAll via HttpSecurity#authorizeHttpRequests instead.
2025-05-31T12:04:50.340-03:00 DEBUG 3224 --- [music] [restartedMain] o.s.s.web.DefaultSecurityFilterChain     : Will not secure Deferred [Mvc [pattern='/swagger-resources/**'], Ant [pattern='/swagger-resources/**']]
2025-05-31T12:04:50.340-03:00  WARN 3224 --- [music] [restartedMain] o.s.s.c.a.web.builders.WebSecurity       : You are asking Spring Security to ignore Deferred [Mvc [pattern='/swagger-ui.html'], Ant [pattern='/swagger-ui.html']]. This is not recommended -- please use permitAll via HttpSecurity#authorizeHttpRequests instead.
2025-05-31T12:04:50.340-03:00 DEBUG 3224 --- [music] [restartedMain] o.s.s.web.DefaultSecurityFilterChain     : Will not secure Deferred [Mvc [pattern='/swagger-ui.html'], Ant [pattern='/swagger-ui.html']]
2025-05-31T12:04:50.341-03:00  WARN 3224 --- [music] [restartedMain] o.s.s.c.a.web.builders.WebSecurity       : You are asking Spring Security to ignore Deferred [Mvc [pattern='/swagger-ui/**'], Ant [pattern='/swagger-ui/**']]. This is not recommended -- please use permitAll via HttpSecurity#authorizeHttpRequests instead.
2025-05-31T12:04:50.341-03:00 DEBUG 3224 --- [music] [restartedMain] o.s.s.web.DefaultSecurityFilterChain     : Will not secure Deferred [Mvc [pattern='/swagger-ui/**'], Ant [pattern='/swagger-ui/**']]
2025-05-31T12:04:50.341-03:00  WARN 3224 --- [music] [restartedMain] o.s.s.c.a.web.builders.WebSecurity       : You are asking Spring Security to ignore Deferred [Mvc [pattern='/webjars/**'], Ant [pattern='/webjars/**']]. This is not recommended -- please use permitAll via HttpSecurity#authorizeHttpRequests instead.
2025-05-31T12:04:50.341-03:00 DEBUG 3224 --- [music] [restartedMain] o.s.s.web.DefaultSecurityFilterChain     : Will not secure Deferred [Mvc [pattern='/webjars/**'], Ant [pattern='/webjars/**']]
2025-05-31T12:05:07.725-03:00 DEBUG 3224 --- [music] [http-nio-8080-exec-2] o.s.security.web.FilterChainProxy        : Securing GET /eventos
2025-05-31T12:05:07.734-03:00 DEBUG 3224 --- [music] [http-nio-8080-exec-2] o.s.s.w.a.AnonymousAuthenticationFilter  : Set SecurityContextHolder to anonymous SecurityContext
2025-05-31T12:05:07.737-03:00 DEBUG 3224 --- [music] [http-nio-8080-exec-2] o.s.security.web.FilterChainProxy        : Secured GET /eventos
2025-05-31T12:08:26.878-03:00 DEBUG 18752 --- [music] [restartedMain] o.springframework.web.filter.CorsFilter  : Filter 'corsFilterRegistrationBean' configured for use
2025-05-31T12:08:27.586-03:00  INFO 18752 --- [music] [restartedMain] eAuthenticationProviderManagerConfigurer : Global AuthenticationManager configured with AuthenticationProvider bean with name authenticationProvider
2025-05-31T12:08:27.587-03:00  WARN 18752 --- [music] [restartedMain] r$InitializeUserDetailsManagerConfigurer : Global AuthenticationManager configured with an AuthenticationProvider bean. UserDetailsService beans will not be used by Spring Security for automatically configuring username/password login. Consider removing the AuthenticationProvider bean. Alternatively, consider using the UserDetailsService in a manually instantiated DaoAuthenticationProvider. If the current configuration is intentional, to turn off this warning, increase the logging level of 'org.springframework.security.config.annotation.authentication.configuration.InitializeUserDetailsBeanManagerConfigurer' to ERROR
2025-05-31T12:08:27.868-03:00 DEBUG 18752 --- [music] [restartedMain] s.w.s.m.m.a.RequestMappingHandlerMapping : 97 mappings in 'requestMappingHandlerMapping'
2025-05-31T12:08:27.972-03:00 DEBUG 18752 --- [music] [restartedMain] o.s.w.s.handler.SimpleUrlHandlerMapping  : Patterns [/webjars/**, /**, /uploads/profile-images/**, /uploads/event-images/**, /swagger-ui*/*swagger-initializer.js, /swagger-ui*/**] in 'resourceHandlerMapping'
2025-05-31T12:08:28.149-03:00 DEBUG 18752 --- [music] [restartedMain] o.s.s.web.DefaultSecurityFilterChain     : Will secure any request with filters: DisableEncodeUrlFilter, WebAsyncManagerIntegrationFilter, SecurityContextHolderFilter, HeaderWriterFilter, LogoutFilter, OAuth2AuthorizationRequestRedirectFilter, OAuth2LoginAuthenticationFilter, JwtAuthenticationFilter, DefaultResourcesFilter, DefaultLoginPageGeneratingFilter, DefaultLogoutPageGeneratingFilter, RequestCacheAwareFilter, SecurityContextHolderAwareRequestFilter, AnonymousAuthenticationFilter, SessionManagementFilter, ExceptionTranslationFilter, AuthorizationFilter
2025-05-31T12:08:28.164-03:00  WARN 18752 --- [music] [restartedMain] o.s.s.c.a.web.builders.WebSecurity       : You are asking Spring Security to ignore Deferred [Mvc [pattern='/v2/api-docs/**'], Ant [pattern='/v2/api-docs/**']]. This is not recommended -- please use permitAll via HttpSecurity#authorizeHttpRequests instead.
2025-05-31T12:08:28.164-03:00 DEBUG 18752 --- [music] [restartedMain] o.s.s.web.DefaultSecurityFilterChain     : Will not secure Deferred [Mvc [pattern='/v2/api-docs/**'], Ant [pattern='/v2/api-docs/**']]
2025-05-31T12:08:28.165-03:00  WARN 18752 --- [music] [restartedMain] o.s.s.c.a.web.builders.WebSecurity       : You are asking Spring Security to ignore Deferred [Mvc [pattern='/v3/api-docs/**'], Ant [pattern='/v3/api-docs/**']]. This is not recommended -- please use permitAll via HttpSecurity#authorizeHttpRequests instead.
2025-05-31T12:08:28.165-03:00 DEBUG 18752 --- [music] [restartedMain] o.s.s.web.DefaultSecurityFilterChain     : Will not secure Deferred [Mvc [pattern='/v3/api-docs/**'], Ant [pattern='/v3/api-docs/**']]
2025-05-31T12:08:28.165-03:00  WARN 18752 --- [music] [restartedMain] o.s.s.c.a.web.builders.WebSecurity       : You are asking Spring Security to ignore Deferred [Mvc [pattern='/swagger-resources/**'], Ant [pattern='/swagger-resources/**']]. This is not recommended -- please use permitAll via HttpSecurity#authorizeHttpRequests instead.
2025-05-31T12:08:28.165-03:00 DEBUG 18752 --- [music] [restartedMain] o.s.s.web.DefaultSecurityFilterChain     : Will not secure Deferred [Mvc [pattern='/swagger-resources/**'], Ant [pattern='/swagger-resources/**']]
2025-05-31T12:08:28.165-03:00  WARN 18752 --- [music] [restartedMain] o.s.s.c.a.web.builders.WebSecurity       : You are asking Spring Security to ignore Deferred [Mvc [pattern='/swagger-ui.html'], Ant [pattern='/swagger-ui.html']]. This is not recommended -- please use permitAll via HttpSecurity#authorizeHttpRequests instead.
2025-05-31T12:08:28.165-03:00 DEBUG 18752 --- [music] [restartedMain] o.s.s.web.DefaultSecurityFilterChain     : Will not secure Deferred [Mvc [pattern='/swagger-ui.html'], Ant [pattern='/swagger-ui.html']]
2025-05-31T12:08:28.165-03:00  WARN 18752 --- [music] [restartedMain] o.s.s.c.a.web.builders.WebSecurity       : You are asking Spring Security to ignore Deferred [Mvc [pattern='/swagger-ui/**'], Ant [pattern='/swagger-ui/**']]. This is not recommended -- please use permitAll via HttpSecurity#authorizeHttpRequests instead.
2025-05-31T12:08:28.166-03:00 DEBUG 18752 --- [music] [restartedMain] o.s.s.web.DefaultSecurityFilterChain     : Will not secure Deferred [Mvc [pattern='/swagger-ui/**'], Ant [pattern='/swagger-ui/**']]
2025-05-31T12:08:28.166-03:00  WARN 18752 --- [music] [restartedMain] o.s.s.c.a.web.builders.WebSecurity       : You are asking Spring Security to ignore Deferred [Mvc [pattern='/webjars/**'], Ant [pattern='/webjars/**']]. This is not recommended -- please use permitAll via HttpSecurity#authorizeHttpRequests instead.
2025-05-31T12:08:28.166-03:00 DEBUG 18752 --- [music] [restartedMain] o.s.s.web.DefaultSecurityFilterChain     : Will not secure Deferred [Mvc [pattern='/webjars/**'], Ant [pattern='/webjars/**']]
2025-05-31T12:08:28.258-03:00 DEBUG 18752 --- [music] [restartedMain] s.w.s.m.m.a.RequestMappingHandlerAdapter : ControllerAdvice beans: 0 @ModelAttribute, 0 @InitBinder, 1 RequestBodyAdvice, 1 ResponseBodyAdvice
2025-05-31T12:08:28.309-03:00 DEBUG 18752 --- [music] [restartedMain] .m.m.a.ExceptionHandlerExceptionResolver : ControllerAdvice beans: 2 @ExceptionHandler, 1 ResponseBodyAdvice
2025-05-31T12:08:28.337-03:00 DEBUG 18752 --- [music] [restartedMain] .m.m.a.ExceptionHandlerExceptionResolver : ControllerAdvice beans: 2 @ExceptionHandler, 0 ResponseBodyAdvice
2025-05-31T12:08:38.808-03:00  INFO 18752 --- [music] [http-nio-8080-exec-1] o.s.web.servlet.DispatcherServlet        : Initializing Servlet 'dispatcherServlet'
2025-05-31T12:08:38.809-03:00 DEBUG 18752 --- [music] [http-nio-8080-exec-1] o.s.web.servlet.DispatcherServlet        : Detected StandardServletMultipartResolver
2025-05-31T12:08:38.809-03:00 DEBUG 18752 --- [music] [http-nio-8080-exec-1] o.s.web.servlet.DispatcherServlet        : Detected AcceptHeaderLocaleResolver
2025-05-31T12:08:38.809-03:00 DEBUG 18752 --- [music] [http-nio-8080-exec-1] o.s.web.servlet.DispatcherServlet        : Detected FixedThemeResolver
2025-05-31T12:08:38.810-03:00 DEBUG 18752 --- [music] [http-nio-8080-exec-1] o.s.web.servlet.DispatcherServlet        : Detected org.springframework.web.servlet.view.DefaultRequestToViewNameTranslator@339c0347
2025-05-31T12:08:38.811-03:00 DEBUG 18752 --- [music] [http-nio-8080-exec-1] o.s.web.servlet.DispatcherServlet        : Detected org.springframework.web.servlet.support.SessionFlashMapManager@1055f62d
2025-05-31T12:08:38.811-03:00 DEBUG 18752 --- [music] [http-nio-8080-exec-1] o.s.web.servlet.DispatcherServlet        : enableLoggingRequestDetails='false': request parameters and headers will be masked to prevent unsafe logging of potentially sensitive data
2025-05-31T12:08:38.811-03:00  INFO 18752 --- [music] [http-nio-8080-exec-1] o.s.web.servlet.DispatcherServlet        : Completed initialization in 3 ms
2025-05-31T12:08:38.833-03:00 DEBUG 18752 --- [music] [http-nio-8080-exec-1] o.s.security.web.FilterChainProxy        : Securing GET /eventos
2025-05-31T12:08:38.841-03:00 DEBUG 18752 --- [music] [http-nio-8080-exec-1] o.s.s.w.a.AnonymousAuthenticationFilter  : Set SecurityContextHolder to anonymous SecurityContext
2025-05-31T12:08:38.845-03:00 DEBUG 18752 --- [music] [http-nio-8080-exec-1] o.s.security.web.FilterChainProxy        : Secured GET /eventos
2025-05-31T12:08:38.848-03:00 DEBUG 18752 --- [music] [http-nio-8080-exec-1] o.s.web.servlet.DispatcherServlet        : GET "/eventos", parameters={}
2025-05-31T12:08:38.850-03:00 DEBUG 18752 --- [music] [http-nio-8080-exec-1] s.w.s.m.m.a.RequestMappingHandlerMapping : Mapped to br.com.project.music.controllers.EventController#getAllEvents()
2025-05-31T12:08:39.076-03:00 DEBUG 18752 --- [music] [http-nio-8080-exec-1] o.s.w.s.m.m.a.HttpEntityMethodProcessor  : Using 'application/json', given [*/*] and supported [application/json, application/*+json, application/yaml]
2025-05-31T12:08:39.079-03:00 DEBUG 18752 --- [music] [http-nio-8080-exec-1] o.s.w.s.m.m.a.HttpEntityMethodProcessor  : Writing [org.hibernate.LazyInitializationException: failed to lazily initialize a collection of role: br.com. (truncated)...]
2025-05-31T12:08:39.112-03:00 DEBUG 18752 --- [music] [http-nio-8080-exec-1] o.s.web.servlet.DispatcherServlet        : Completed 200 OK
2025-05-31T12:13:19.038-03:00 DEBUG 4192 --- [music] [restartedMain] o.springframework.web.filter.CorsFilter  : Filter 'corsFilterRegistrationBean' configured for use
2025-05-31T12:13:19.789-03:00  INFO 4192 --- [music] [restartedMain] eAuthenticationProviderManagerConfigurer : Global AuthenticationManager configured with AuthenticationProvider bean with name authenticationProvider
2025-05-31T12:13:19.790-03:00  WARN 4192 --- [music] [restartedMain] r$InitializeUserDetailsManagerConfigurer : Global AuthenticationManager configured with an AuthenticationProvider bean. UserDetailsService beans will not be used by Spring Security for automatically configuring username/password login. Consider removing the AuthenticationProvider bean. Alternatively, consider using the UserDetailsService in a manually instantiated DaoAuthenticationProvider. If the current configuration is intentional, to turn off this warning, increase the logging level of 'org.springframework.security.config.annotation.authentication.configuration.InitializeUserDetailsBeanManagerConfigurer' to ERROR
2025-05-31T12:13:20.068-03:00 DEBUG 4192 --- [music] [restartedMain] s.w.s.m.m.a.RequestMappingHandlerMapping : 97 mappings in 'requestMappingHandlerMapping'
2025-05-31T12:13:20.199-03:00 DEBUG 4192 --- [music] [restartedMain] o.s.w.s.handler.SimpleUrlHandlerMapping  : Patterns [/webjars/**, /**, /uploads/profile-images/**, /uploads/event-images/**, /swagger-ui*/*swagger-initializer.js, /swagger-ui*/**] in 'resourceHandlerMapping'
2025-05-31T12:13:20.376-03:00 DEBUG 4192 --- [music] [restartedMain] o.s.s.web.DefaultSecurityFilterChain     : Will secure any request with filters: DisableEncodeUrlFilter, WebAsyncManagerIntegrationFilter, SecurityContextHolderFilter, HeaderWriterFilter, LogoutFilter, OAuth2AuthorizationRequestRedirectFilter, OAuth2LoginAuthenticationFilter, JwtAuthenticationFilter, DefaultResourcesFilter, DefaultLoginPageGeneratingFilter, DefaultLogoutPageGeneratingFilter, RequestCacheAwareFilter, SecurityContextHolderAwareRequestFilter, AnonymousAuthenticationFilter, SessionManagementFilter, ExceptionTranslationFilter, AuthorizationFilter
2025-05-31T12:13:20.391-03:00  WARN 4192 --- [music] [restartedMain] o.s.s.c.a.web.builders.WebSecurity       : You are asking Spring Security to ignore Deferred [Mvc [pattern='/v2/api-docs/**'], Ant [pattern='/v2/api-docs/**']]. This is not recommended -- please use permitAll via HttpSecurity#authorizeHttpRequests instead.
2025-05-31T12:13:20.392-03:00 DEBUG 4192 --- [music] [restartedMain] o.s.s.web.DefaultSecurityFilterChain     : Will not secure Deferred [Mvc [pattern='/v2/api-docs/**'], Ant [pattern='/v2/api-docs/**']]
2025-05-31T12:13:20.392-03:00  WARN 4192 --- [music] [restartedMain] o.s.s.c.a.web.builders.WebSecurity       : You are asking Spring Security to ignore Deferred [Mvc [pattern='/v3/api-docs/**'], Ant [pattern='/v3/api-docs/**']]. This is not recommended -- please use permitAll via HttpSecurity#authorizeHttpRequests instead.
2025-05-31T12:13:20.392-03:00 DEBUG 4192 --- [music] [restartedMain] o.s.s.web.DefaultSecurityFilterChain     : Will not secure Deferred [Mvc [pattern='/v3/api-docs/**'], Ant [pattern='/v3/api-docs/**']]
2025-05-31T12:13:20.392-03:00  WARN 4192 --- [music] [restartedMain] o.s.s.c.a.web.builders.WebSecurity       : You are asking Spring Security to ignore Deferred [Mvc [pattern='/swagger-resources/**'], Ant [pattern='/swagger-resources/**']]. This is not recommended -- please use permitAll via HttpSecurity#authorizeHttpRequests instead.
2025-05-31T12:13:20.392-03:00 DEBUG 4192 --- [music] [restartedMain] o.s.s.web.DefaultSecurityFilterChain     : Will not secure Deferred [Mvc [pattern='/swagger-resources/**'], Ant [pattern='/swagger-resources/**']]
2025-05-31T12:13:20.392-03:00  WARN 4192 --- [music] [restartedMain] o.s.s.c.a.web.builders.WebSecurity       : You are asking Spring Security to ignore Deferred [Mvc [pattern='/swagger-ui.html'], Ant [pattern='/swagger-ui.html']]. This is not recommended -- please use permitAll via HttpSecurity#authorizeHttpRequests instead.
2025-05-31T12:13:20.392-03:00 DEBUG 4192 --- [music] [restartedMain] o.s.s.web.DefaultSecurityFilterChain     : Will not secure Deferred [Mvc [pattern='/swagger-ui.html'], Ant [pattern='/swagger-ui.html']]
2025-05-31T12:13:20.393-03:00  WARN 4192 --- [music] [restartedMain] o.s.s.c.a.web.builders.WebSecurity       : You are asking Spring Security to ignore Deferred [Mvc [pattern='/swagger-ui/**'], Ant [pattern='/swagger-ui/**']]. This is not recommended -- please use permitAll via HttpSecurity#authorizeHttpRequests instead.
2025-05-31T12:13:20.393-03:00 DEBUG 4192 --- [music] [restartedMain] o.s.s.web.DefaultSecurityFilterChain     : Will not secure Deferred [Mvc [pattern='/swagger-ui/**'], Ant [pattern='/swagger-ui/**']]
2025-05-31T12:13:20.393-03:00  WARN 4192 --- [music] [restartedMain] o.s.s.c.a.web.builders.WebSecurity       : You are asking Spring Security to ignore Deferred [Mvc [pattern='/webjars/**'], Ant [pattern='/webjars/**']]. This is not recommended -- please use permitAll via HttpSecurity#authorizeHttpRequests instead.
2025-05-31T12:13:20.393-03:00 DEBUG 4192 --- [music] [restartedMain] o.s.s.web.DefaultSecurityFilterChain     : Will not secure Deferred [Mvc [pattern='/webjars/**'], Ant [pattern='/webjars/**']]
2025-05-31T12:13:20.485-03:00 DEBUG 4192 --- [music] [restartedMain] s.w.s.m.m.a.RequestMappingHandlerAdapter : ControllerAdvice beans: 0 @ModelAttribute, 0 @InitBinder, 1 RequestBodyAdvice, 1 ResponseBodyAdvice
2025-05-31T12:13:20.537-03:00 DEBUG 4192 --- [music] [restartedMain] .m.m.a.ExceptionHandlerExceptionResolver : ControllerAdvice beans: 2 @ExceptionHandler, 1 ResponseBodyAdvice
2025-05-31T12:13:20.565-03:00 DEBUG 4192 --- [music] [restartedMain] .m.m.a.ExceptionHandlerExceptionResolver : ControllerAdvice beans: 2 @ExceptionHandler, 0 ResponseBodyAdvice
2025-05-31T12:13:31.494-03:00  INFO 4192 --- [music] [http-nio-8080-exec-2] o.s.web.servlet.DispatcherServlet        : Initializing Servlet 'dispatcherServlet'
2025-05-31T12:13:31.495-03:00 DEBUG 4192 --- [music] [http-nio-8080-exec-2] o.s.web.servlet.DispatcherServlet        : Detected StandardServletMultipartResolver
2025-05-31T12:13:31.495-03:00 DEBUG 4192 --- [music] [http-nio-8080-exec-2] o.s.web.servlet.DispatcherServlet        : Detected AcceptHeaderLocaleResolver
2025-05-31T12:13:31.495-03:00 DEBUG 4192 --- [music] [http-nio-8080-exec-2] o.s.web.servlet.DispatcherServlet        : Detected FixedThemeResolver
2025-05-31T12:13:31.498-03:00 DEBUG 4192 --- [music] [http-nio-8080-exec-2] o.s.web.servlet.DispatcherServlet        : Detected org.springframework.web.servlet.view.DefaultRequestToViewNameTranslator@135c17b0
2025-05-31T12:13:31.499-03:00 DEBUG 4192 --- [music] [http-nio-8080-exec-2] o.s.web.servlet.DispatcherServlet        : Detected org.springframework.web.servlet.support.SessionFlashMapManager@28929c2c
2025-05-31T12:13:31.499-03:00 DEBUG 4192 --- [music] [http-nio-8080-exec-2] o.s.web.servlet.DispatcherServlet        : enableLoggingRequestDetails='false': request parameters and headers will be masked to prevent unsafe logging of potentially sensitive data
2025-05-31T12:13:31.500-03:00  INFO 4192 --- [music] [http-nio-8080-exec-2] o.s.web.servlet.DispatcherServlet        : Completed initialization in 5 ms
2025-05-31T12:13:31.534-03:00 DEBUG 4192 --- [music] [http-nio-8080-exec-2] o.s.security.web.FilterChainProxy        : Securing POST /auth/login
2025-05-31T12:13:31.546-03:00 DEBUG 4192 --- [music] [http-nio-8080-exec-2] o.s.s.w.a.AnonymousAuthenticationFilter  : Set SecurityContextHolder to anonymous SecurityContext
2025-05-31T12:13:31.547-03:00 DEBUG 4192 --- [music] [http-nio-8080-exec-2] o.s.security.web.FilterChainProxy        : Secured POST /auth/login
2025-05-31T12:13:31.550-03:00 DEBUG 4192 --- [music] [http-nio-8080-exec-2] o.s.web.servlet.DispatcherServlet        : POST "/auth/login", parameters={}
2025-05-31T12:13:31.551-03:00 DEBUG 4192 --- [music] [http-nio-8080-exec-2] s.w.s.m.m.a.RequestMappingHandlerMapping : Mapped to br.com.project.music.controllers.AuthController#login(Auth)
2025-05-31T12:13:31.586-03:00 DEBUG 4192 --- [music] [http-nio-8080-exec-2] m.m.a.RequestResponseBodyMethodProcessor : Read "application/json;charset=UTF-8" to [Auth(email=joao.silva@example.com, senha=minhasenhaforte123)]
2025-05-31T12:13:32.070-03:00  INFO 4192 --- [music] [http-nio-8080-exec-2] b.c.p.music.controllers.AuthController   : Usuario autenticado: joao.silva@example.com
2025-05-31T12:13:32.081-03:00 DEBUG 4192 --- [music] [http-nio-8080-exec-2] o.s.w.s.m.m.a.HttpEntityMethodProcessor  : Using 'application/json', given [application/json] and supported [text/plain, */*, application/json, application/*+json, application/yaml]
2025-05-31T12:13:32.081-03:00 DEBUG 4192 --- [music] [http-nio-8080-exec-2] o.s.w.s.m.m.a.HttpEntityMethodProcessor  : Writing ["eyJhbGciOiJIUzUxMiJ9.eyJzdWIiOiJqb2FvLnNpbHZhQGV4YW1wbGUuY29tIiwiZXhwIjoxNzQ4NzkwODEyfQ.yrRtqQrRuIre (truncated)..."]
2025-05-31T12:13:32.088-03:00 DEBUG 4192 --- [music] [http-nio-8080-exec-2] o.s.web.servlet.DispatcherServlet        : Completed 200 OK
2025-05-31T12:14:40.427-03:00 DEBUG 4192 --- [music] [restartedMain] o.springframework.web.filter.CorsFilter  : Filter 'corsFilterRegistrationBean' configured for use
2025-05-31T12:14:40.726-03:00  INFO 4192 --- [music] [restartedMain] eAuthenticationProviderManagerConfigurer : Global AuthenticationManager configured with AuthenticationProvider bean with name authenticationProvider
2025-05-31T12:14:40.727-03:00  WARN 4192 --- [music] [restartedMain] r$InitializeUserDetailsManagerConfigurer : Global AuthenticationManager configured with an AuthenticationProvider bean. UserDetailsService beans will not be used by Spring Security for automatically configuring username/password login. Consider removing the AuthenticationProvider bean. Alternatively, consider using the UserDetailsService in a manually instantiated DaoAuthenticationProvider. If the current configuration is intentional, to turn off this warning, increase the logging level of 'org.springframework.security.config.annotation.authentication.configuration.InitializeUserDetailsBeanManagerConfigurer' to ERROR
2025-05-31T12:14:40.807-03:00 DEBUG 4192 --- [music] [restartedMain] s.w.s.m.m.a.RequestMappingHandlerMapping : 84 mappings in 'requestMappingHandlerMapping'
2025-05-31T12:14:40.847-03:00 DEBUG 4192 --- [music] [restartedMain] o.s.w.s.handler.SimpleUrlHandlerMapping  : Patterns [/webjars/**, /**, /uploads/profile-images/**, /uploads/event-images/**, /swagger-ui*/*swagger-initializer.js, /swagger-ui*/**] in 'resourceHandlerMapping'
2025-05-31T12:14:40.945-03:00 DEBUG 4192 --- [music] [restartedMain] o.s.s.web.DefaultSecurityFilterChain     : Will secure any request with filters: DisableEncodeUrlFilter, WebAsyncManagerIntegrationFilter, SecurityContextHolderFilter, HeaderWriterFilter, LogoutFilter, OAuth2AuthorizationRequestRedirectFilter, OAuth2LoginAuthenticationFilter, JwtAuthenticationFilter, DefaultResourcesFilter, DefaultLoginPageGeneratingFilter, DefaultLogoutPageGeneratingFilter, RequestCacheAwareFilter, SecurityContextHolderAwareRequestFilter, AnonymousAuthenticationFilter, SessionManagementFilter, ExceptionTranslationFilter, AuthorizationFilter
2025-05-31T12:14:40.957-03:00  WARN 4192 --- [music] [restartedMain] o.s.s.c.a.web.builders.WebSecurity       : You are asking Spring Security to ignore Deferred [Mvc [pattern='/v2/api-docs/**'], Ant [pattern='/v2/api-docs/**']]. This is not recommended -- please use permitAll via HttpSecurity#authorizeHttpRequests instead.
2025-05-31T12:14:40.957-03:00 DEBUG 4192 --- [music] [restartedMain] o.s.s.web.DefaultSecurityFilterChain     : Will not secure Deferred [Mvc [pattern='/v2/api-docs/**'], Ant [pattern='/v2/api-docs/**']]
2025-05-31T12:14:40.957-03:00  WARN 4192 --- [music] [restartedMain] o.s.s.c.a.web.builders.WebSecurity       : You are asking Spring Security to ignore Deferred [Mvc [pattern='/v3/api-docs/**'], Ant [pattern='/v3/api-docs/**']]. This is not recommended -- please use permitAll via HttpSecurity#authorizeHttpRequests instead.
2025-05-31T12:14:40.957-03:00 DEBUG 4192 --- [music] [restartedMain] o.s.s.web.DefaultSecurityFilterChain     : Will not secure Deferred [Mvc [pattern='/v3/api-docs/**'], Ant [pattern='/v3/api-docs/**']]
2025-05-31T12:14:40.957-03:00  WARN 4192 --- [music] [restartedMain] o.s.s.c.a.web.builders.WebSecurity       : You are asking Spring Security to ignore Deferred [Mvc [pattern='/swagger-resources/**'], Ant [pattern='/swagger-resources/**']]. This is not recommended -- please use permitAll via HttpSecurity#authorizeHttpRequests instead.
2025-05-31T12:14:40.958-03:00 DEBUG 4192 --- [music] [restartedMain] o.s.s.web.DefaultSecurityFilterChain     : Will not secure Deferred [Mvc [pattern='/swagger-resources/**'], Ant [pattern='/swagger-resources/**']]
2025-05-31T12:14:40.958-03:00  WARN 4192 --- [music] [restartedMain] o.s.s.c.a.web.builders.WebSecurity       : You are asking Spring Security to ignore Deferred [Mvc [pattern='/swagger-ui.html'], Ant [pattern='/swagger-ui.html']]. This is not recommended -- please use permitAll via HttpSecurity#authorizeHttpRequests instead.
2025-05-31T12:14:40.958-03:00 DEBUG 4192 --- [music] [restartedMain] o.s.s.web.DefaultSecurityFilterChain     : Will not secure Deferred [Mvc [pattern='/swagger-ui.html'], Ant [pattern='/swagger-ui.html']]
2025-05-31T12:14:40.958-03:00  WARN 4192 --- [music] [restartedMain] o.s.s.c.a.web.builders.WebSecurity       : You are asking Spring Security to ignore Deferred [Mvc [pattern='/swagger-ui/**'], Ant [pattern='/swagger-ui/**']]. This is not recommended -- please use permitAll via HttpSecurity#authorizeHttpRequests instead.
2025-05-31T12:14:40.958-03:00 DEBUG 4192 --- [music] [restartedMain] o.s.s.web.DefaultSecurityFilterChain     : Will not secure Deferred [Mvc [pattern='/swagger-ui/**'], Ant [pattern='/swagger-ui/**']]
2025-05-31T12:14:40.958-03:00  WARN 4192 --- [music] [restartedMain] o.s.s.c.a.web.builders.WebSecurity       : You are asking Spring Security to ignore Deferred [Mvc [pattern='/webjars/**'], Ant [pattern='/webjars/**']]. This is not recommended -- please use permitAll via HttpSecurity#authorizeHttpRequests instead.
2025-05-31T12:14:40.958-03:00 DEBUG 4192 --- [music] [restartedMain] o.s.s.web.DefaultSecurityFilterChain     : Will not secure Deferred [Mvc [pattern='/webjars/**'], Ant [pattern='/webjars/**']]
2025-05-31T12:14:40.990-03:00 DEBUG 4192 --- [music] [restartedMain] s.w.s.m.m.a.RequestMappingHandlerAdapter : ControllerAdvice beans: 0 @ModelAttribute, 0 @InitBinder, 1 RequestBodyAdvice, 1 ResponseBodyAdvice
2025-05-31T12:14:41.000-03:00 DEBUG 4192 --- [music] [restartedMain] .m.m.a.ExceptionHandlerExceptionResolver : ControllerAdvice beans: 2 @ExceptionHandler, 1 ResponseBodyAdvice
2025-05-31T12:14:41.013-03:00 DEBUG 4192 --- [music] [restartedMain] .m.m.a.ExceptionHandlerExceptionResolver : ControllerAdvice beans: 2 @ExceptionHandler, 0 ResponseBodyAdvice
2025-05-31T12:17:26.991-03:00 DEBUG 17780 --- [music] [restartedMain] o.springframework.web.filter.CorsFilter  : Filter 'corsFilterRegistrationBean' configured for use
2025-05-31T12:17:27.680-03:00  INFO 17780 --- [music] [restartedMain] eAuthenticationProviderManagerConfigurer : Global AuthenticationManager configured with AuthenticationProvider bean with name authenticationProvider
2025-05-31T12:17:27.681-03:00  WARN 17780 --- [music] [restartedMain] r$InitializeUserDetailsManagerConfigurer : Global AuthenticationManager configured with an AuthenticationProvider bean. UserDetailsService beans will not be used by Spring Security for automatically configuring username/password login. Consider removing the AuthenticationProvider bean. Alternatively, consider using the UserDetailsService in a manually instantiated DaoAuthenticationProvider. If the current configuration is intentional, to turn off this warning, increase the logging level of 'org.springframework.security.config.annotation.authentication.configuration.InitializeUserDetailsBeanManagerConfigurer' to ERROR
2025-05-31T12:17:27.940-03:00 DEBUG 17780 --- [music] [restartedMain] s.w.s.m.m.a.RequestMappingHandlerMapping : 97 mappings in 'requestMappingHandlerMapping'
2025-05-31T12:17:28.035-03:00 DEBUG 17780 --- [music] [restartedMain] o.s.w.s.handler.SimpleUrlHandlerMapping  : Patterns [/webjars/**, /**, /uploads/profile-images/**, /uploads/event-images/**, /swagger-ui*/*swagger-initializer.js, /swagger-ui*/**] in 'resourceHandlerMapping'
2025-05-31T12:17:28.205-03:00 DEBUG 17780 --- [music] [restartedMain] o.s.s.web.DefaultSecurityFilterChain     : Will secure any request with filters: DisableEncodeUrlFilter, WebAsyncManagerIntegrationFilter, SecurityContextHolderFilter, HeaderWriterFilter, LogoutFilter, OAuth2AuthorizationRequestRedirectFilter, OAuth2LoginAuthenticationFilter, JwtAuthenticationFilter, DefaultResourcesFilter, DefaultLoginPageGeneratingFilter, DefaultLogoutPageGeneratingFilter, RequestCacheAwareFilter, SecurityContextHolderAwareRequestFilter, AnonymousAuthenticationFilter, SessionManagementFilter, ExceptionTranslationFilter, AuthorizationFilter
2025-05-31T12:17:28.219-03:00  WARN 17780 --- [music] [restartedMain] o.s.s.c.a.web.builders.WebSecurity       : You are asking Spring Security to ignore Deferred [Mvc [pattern='/v2/api-docs/**'], Ant [pattern='/v2/api-docs/**']]. This is not recommended -- please use permitAll via HttpSecurity#authorizeHttpRequests instead.
2025-05-31T12:17:28.219-03:00 DEBUG 17780 --- [music] [restartedMain] o.s.s.web.DefaultSecurityFilterChain     : Will not secure Deferred [Mvc [pattern='/v2/api-docs/**'], Ant [pattern='/v2/api-docs/**']]
2025-05-31T12:17:28.219-03:00  WARN 17780 --- [music] [restartedMain] o.s.s.c.a.web.builders.WebSecurity       : You are asking Spring Security to ignore Deferred [Mvc [pattern='/v3/api-docs/**'], Ant [pattern='/v3/api-docs/**']]. This is not recommended -- please use permitAll via HttpSecurity#authorizeHttpRequests instead.
2025-05-31T12:17:28.219-03:00 DEBUG 17780 --- [music] [restartedMain] o.s.s.web.DefaultSecurityFilterChain     : Will not secure Deferred [Mvc [pattern='/v3/api-docs/**'], Ant [pattern='/v3/api-docs/**']]
2025-05-31T12:17:28.219-03:00  WARN 17780 --- [music] [restartedMain] o.s.s.c.a.web.builders.WebSecurity       : You are asking Spring Security to ignore Deferred [Mvc [pattern='/swagger-resources/**'], Ant [pattern='/swagger-resources/**']]. This is not recommended -- please use permitAll via HttpSecurity#authorizeHttpRequests instead.
2025-05-31T12:17:28.220-03:00 DEBUG 17780 --- [music] [restartedMain] o.s.s.web.DefaultSecurityFilterChain     : Will not secure Deferred [Mvc [pattern='/swagger-resources/**'], Ant [pattern='/swagger-resources/**']]
2025-05-31T12:17:28.220-03:00  WARN 17780 --- [music] [restartedMain] o.s.s.c.a.web.builders.WebSecurity       : You are asking Spring Security to ignore Deferred [Mvc [pattern='/swagger-ui.html'], Ant [pattern='/swagger-ui.html']]. This is not recommended -- please use permitAll via HttpSecurity#authorizeHttpRequests instead.
2025-05-31T12:17:28.220-03:00 DEBUG 17780 --- [music] [restartedMain] o.s.s.web.DefaultSecurityFilterChain     : Will not secure Deferred [Mvc [pattern='/swagger-ui.html'], Ant [pattern='/swagger-ui.html']]
2025-05-31T12:17:28.220-03:00  WARN 17780 --- [music] [restartedMain] o.s.s.c.a.web.builders.WebSecurity       : You are asking Spring Security to ignore Deferred [Mvc [pattern='/swagger-ui/**'], Ant [pattern='/swagger-ui/**']]. This is not recommended -- please use permitAll via HttpSecurity#authorizeHttpRequests instead.
2025-05-31T12:17:28.220-03:00 DEBUG 17780 --- [music] [restartedMain] o.s.s.web.DefaultSecurityFilterChain     : Will not secure Deferred [Mvc [pattern='/swagger-ui/**'], Ant [pattern='/swagger-ui/**']]
2025-05-31T12:17:28.220-03:00  WARN 17780 --- [music] [restartedMain] o.s.s.c.a.web.builders.WebSecurity       : You are asking Spring Security to ignore Deferred [Mvc [pattern='/webjars/**'], Ant [pattern='/webjars/**']]. This is not recommended -- please use permitAll via HttpSecurity#authorizeHttpRequests instead.
2025-05-31T12:17:28.220-03:00 DEBUG 17780 --- [music] [restartedMain] o.s.s.web.DefaultSecurityFilterChain     : Will not secure Deferred [Mvc [pattern='/webjars/**'], Ant [pattern='/webjars/**']]
2025-05-31T12:17:28.304-03:00 DEBUG 17780 --- [music] [restartedMain] s.w.s.m.m.a.RequestMappingHandlerAdapter : ControllerAdvice beans: 0 @ModelAttribute, 0 @InitBinder, 1 RequestBodyAdvice, 1 ResponseBodyAdvice
2025-05-31T12:17:28.377-03:00 DEBUG 17780 --- [music] [restartedMain] .m.m.a.ExceptionHandlerExceptionResolver : ControllerAdvice beans: 2 @ExceptionHandler, 1 ResponseBodyAdvice
2025-05-31T12:17:28.402-03:00 DEBUG 17780 --- [music] [restartedMain] .m.m.a.ExceptionHandlerExceptionResolver : ControllerAdvice beans: 2 @ExceptionHandler, 0 ResponseBodyAdvice
2025-05-31T12:17:32.269-03:00  INFO 17780 --- [music] [http-nio-8080-exec-2] o.s.web.servlet.DispatcherServlet        : Initializing Servlet 'dispatcherServlet'
2025-05-31T12:17:32.270-03:00 DEBUG 17780 --- [music] [http-nio-8080-exec-2] o.s.web.servlet.DispatcherServlet        : Detected StandardServletMultipartResolver
2025-05-31T12:17:32.270-03:00 DEBUG 17780 --- [music] [http-nio-8080-exec-2] o.s.web.servlet.DispatcherServlet        : Detected AcceptHeaderLocaleResolver
2025-05-31T12:17:32.270-03:00 DEBUG 17780 --- [music] [http-nio-8080-exec-2] o.s.web.servlet.DispatcherServlet        : Detected FixedThemeResolver
2025-05-31T12:17:32.272-03:00 DEBUG 17780 --- [music] [http-nio-8080-exec-2] o.s.web.servlet.DispatcherServlet        : Detected org.springframework.web.servlet.view.DefaultRequestToViewNameTranslator@6012b41c
2025-05-31T12:17:32.272-03:00 DEBUG 17780 --- [music] [http-nio-8080-exec-2] o.s.web.servlet.DispatcherServlet        : Detected org.springframework.web.servlet.support.SessionFlashMapManager@e514a9a
2025-05-31T12:17:32.273-03:00 DEBUG 17780 --- [music] [http-nio-8080-exec-2] o.s.web.servlet.DispatcherServlet        : enableLoggingRequestDetails='false': request parameters and headers will be masked to prevent unsafe logging of potentially sensitive data
2025-05-31T12:17:32.273-03:00  INFO 17780 --- [music] [http-nio-8080-exec-2] o.s.web.servlet.DispatcherServlet        : Completed initialization in 4 ms
2025-05-31T12:17:32.295-03:00 DEBUG 17780 --- [music] [http-nio-8080-exec-2] o.s.security.web.FilterChainProxy        : Securing POST /auth/login
2025-05-31T12:17:32.304-03:00 DEBUG 17780 --- [music] [http-nio-8080-exec-2] o.s.s.w.a.AnonymousAuthenticationFilter  : Set SecurityContextHolder to anonymous SecurityContext
2025-05-31T12:17:32.305-03:00 DEBUG 17780 --- [music] [http-nio-8080-exec-2] o.s.security.web.FilterChainProxy        : Secured POST /auth/login
2025-05-31T12:17:32.307-03:00 DEBUG 17780 --- [music] [http-nio-8080-exec-2] o.s.web.servlet.DispatcherServlet        : POST "/auth/login", parameters={}
2025-05-31T12:17:32.309-03:00 DEBUG 17780 --- [music] [http-nio-8080-exec-2] s.w.s.m.m.a.RequestMappingHandlerMapping : Mapped to br.com.project.music.controllers.AuthController#login(Auth)
2025-05-31T12:17:32.340-03:00 DEBUG 17780 --- [music] [http-nio-8080-exec-2] m.m.a.RequestResponseBodyMethodProcessor : Read "application/json;charset=UTF-8" to [Auth(email=joao.silva@example.com, senha=minhasenhaforte123)]
2025-05-31T12:17:32.745-03:00 TRACE 17780 --- [music] [http-nio-8080-exec-2] b.c.p.music.controllers.AuthController   : Usuario autenticado: joao.silva@example.com
2025-05-31T12:17:32.754-03:00 DEBUG 17780 --- [music] [http-nio-8080-exec-2] o.s.w.s.m.m.a.HttpEntityMethodProcessor  : Using 'application/json', given [application/json] and supported [text/plain, */*, application/json, application/*+json, application/yaml]
2025-05-31T12:17:32.755-03:00 DEBUG 17780 --- [music] [http-nio-8080-exec-2] o.s.w.s.m.m.a.HttpEntityMethodProcessor  : Writing ["eyJhbGciOiJIUzUxMiJ9.eyJzdWIiOiJqb2FvLnNpbHZhQGV4YW1wbGUuY29tIiwiZXhwIjoxNzQ4NzkxMDUyfQ.HdiicKsn4FMe (truncated)..."]
2025-05-31T12:17:32.761-03:00 DEBUG 17780 --- [music] [http-nio-8080-exec-2] o.s.web.servlet.DispatcherServlet        : Completed 200 OK
