2025-06-10 00:00:17.012 [http-nio-8080-exec-10] DEBUG o.s.web.servlet.DispatcherServlet - GET "/actuator/health", parameters={}
2025-06-10 00:00:17.527 [http-nio-8080-exec-10] DEBUG o.s.w.s.h.SimpleUrlHandlerMapping - Mapped to ResourceHttpRequestHandler [classpath [META-INF/resources/], classpath [resources/], classpath [static/], classpath [public/], ServletContext [/]]
2025-06-10 00:00:17.545 [http-nio-8080-exec-10] DEBUG o.s.w.s.r.ResourceHttpRequestHandler - Resource not found
2025-06-10 00:00:17.545 [http-nio-8080-exec-10] DEBUG o.s.w.s.m.s.DefaultHandlerExceptionResolver - Resolved [org.springframework.web.servlet.resource.NoResourceFoundException: No static resource actuator/health.]
2025-06-10 00:00:17.547 [http-nio-8080-exec-10] DEBUG o.s.web.servlet.DispatcherServlet - Completed 404 NOT_FOUND
2025-06-10 00:00:47.643 [http-nio-8080-exec-8] DEBUG o.s.web.servlet.DispatcherServlet - GET "/actuator/health", parameters={}
2025-06-10 00:00:47.650 [http-nio-8080-exec-8] DEBUG o.s.w.s.h.SimpleUrlHandlerMapping - Mapped to ResourceHttpRequestHandler [classpath [META-INF/resources/], classpath [resources/], classpath [static/], classpath [public/], ServletContext [/]]
2025-06-10 00:00:47.676 [http-nio-8080-exec-8] DEBUG o.s.w.s.r.ResourceHttpRequestHandler - Resource not found
2025-06-10 00:00:47.678 [http-nio-8080-exec-8] DEBUG o.s.w.s.m.s.DefaultHandlerExceptionResolver - Resolved [org.springframework.web.servlet.resource.NoResourceFoundException: No static resource actuator/health.]
2025-06-10 00:00:47.681 [http-nio-8080-exec-8] DEBUG o.s.web.servlet.DispatcherServlet - Completed 404 NOT_FOUND
2025-06-10 00:01:17.746 [http-nio-8080-exec-6] DEBUG o.s.web.servlet.DispatcherServlet - GET "/actuator/health", parameters={}
2025-06-10 00:01:17.751 [http-nio-8080-exec-6] DEBUG o.s.w.s.h.SimpleUrlHandlerMapping - Mapped to ResourceHttpRequestHandler [classpath [META-INF/resources/], classpath [resources/], classpath [static/], classpath [public/], ServletContext [/]]
2025-06-10 00:01:17.770 [http-nio-8080-exec-6] DEBUG o.s.w.s.r.ResourceHttpRequestHandler - Resource not found
2025-06-10 00:01:17.771 [http-nio-8080-exec-6] DEBUG o.s.w.s.m.s.DefaultHandlerExceptionResolver - Resolved [org.springframework.web.servlet.resource.NoResourceFoundException: No static resource actuator/health.]
2025-06-10 00:01:17.773 [http-nio-8080-exec-6] DEBUG o.s.web.servlet.DispatcherServlet - Completed 404 NOT_FOUND
2025-06-10 00:01:47.848 [http-nio-8080-exec-7] DEBUG o.s.web.servlet.DispatcherServlet - GET "/actuator/health", parameters={}
2025-06-10 00:01:47.853 [http-nio-8080-exec-7] DEBUG o.s.w.s.h.SimpleUrlHandlerMapping - Mapped to ResourceHttpRequestHandler [classpath [META-INF/resources/], classpath [resources/], classpath [static/], classpath [public/], ServletContext [/]]
2025-06-10 00:01:47.876 [http-nio-8080-exec-7] DEBUG o.s.w.s.r.ResourceHttpRequestHandler - Resource not found
2025-06-10 00:01:47.877 [http-nio-8080-exec-7] DEBUG o.s.w.s.m.s.DefaultHandlerExceptionResolver - Resolved [org.springframework.web.servlet.resource.NoResourceFoundException: No static resource actuator/health.]
2025-06-10 00:01:47.879 [http-nio-8080-exec-7] DEBUG o.s.web.servlet.DispatcherServlet - Completed 404 NOT_FOUND
2025-06-10 00:02:18.038 [http-nio-8080-exec-3] DEBUG o.s.web.servlet.DispatcherServlet - GET "/actuator/health", parameters={}
2025-06-10 00:02:18.045 [http-nio-8080-exec-3] DEBUG o.s.w.s.h.SimpleUrlHandlerMapping - Mapped to ResourceHttpRequestHandler [classpath [META-INF/resources/], classpath [resources/], classpath [static/], classpath [public/], ServletContext [/]]
2025-06-10 00:02:18.063 [http-nio-8080-exec-3] DEBUG o.s.w.s.r.ResourceHttpRequestHandler - Resource not found
2025-06-10 00:02:18.065 [http-nio-8080-exec-3] DEBUG o.s.w.s.m.s.DefaultHandlerExceptionResolver - Resolved [org.springframework.web.servlet.resource.NoResourceFoundException: No static resource actuator/health.]
2025-06-10 00:02:18.067 [http-nio-8080-exec-3] DEBUG o.s.web.servlet.DispatcherServlet - Completed 404 NOT_FOUND
2025-06-10 00:02:48.252 [http-nio-8080-exec-5] DEBUG o.s.web.servlet.DispatcherServlet - GET "/actuator/health", parameters={}
2025-06-10 00:02:48.263 [http-nio-8080-exec-5] DEBUG o.s.w.s.h.SimpleUrlHandlerMapping - Mapped to ResourceHttpRequestHandler [classpath [META-INF/resources/], classpath [resources/], classpath [static/], classpath [public/], ServletContext [/]]
2025-06-10 00:02:48.301 [http-nio-8080-exec-5] DEBUG o.s.w.s.r.ResourceHttpRequestHandler - Resource not found
2025-06-10 00:02:48.304 [http-nio-8080-exec-5] DEBUG o.s.w.s.m.s.DefaultHandlerExceptionResolver - Resolved [org.springframework.web.servlet.resource.NoResourceFoundException: No static resource actuator/health.]
2025-06-10 00:02:48.309 [http-nio-8080-exec-5] DEBUG o.s.web.servlet.DispatcherServlet - Completed 404 NOT_FOUND
2025-06-10 00:03:18.397 [http-nio-8080-exec-8] DEBUG o.s.web.servlet.DispatcherServlet - GET "/actuator/health", parameters={}
2025-06-10 00:03:18.404 [http-nio-8080-exec-8] DEBUG o.s.w.s.h.SimpleUrlHandlerMapping - Mapped to ResourceHttpRequestHandler [classpath [META-INF/resources/], classpath [resources/], classpath [static/], classpath [public/], ServletContext [/]]
2025-06-10 00:03:18.424 [http-nio-8080-exec-8] DEBUG o.s.w.s.r.ResourceHttpRequestHandler - Resource not found
2025-06-10 00:03:18.426 [http-nio-8080-exec-8] DEBUG o.s.w.s.m.s.DefaultHandlerExceptionResolver - Resolved [org.springframework.web.servlet.resource.NoResourceFoundException: No static resource actuator/health.]
2025-06-10 00:03:18.428 [http-nio-8080-exec-8] DEBUG o.s.web.servlet.DispatcherServlet - Completed 404 NOT_FOUND
2025-06-10 00:03:48.506 [http-nio-8080-exec-6] DEBUG o.s.web.servlet.DispatcherServlet - GET "/actuator/health", parameters={}
2025-06-10 00:03:48.520 [http-nio-8080-exec-6] DEBUG o.s.w.s.h.SimpleUrlHandlerMapping - Mapped to ResourceHttpRequestHandler [classpath [META-INF/resources/], classpath [resources/], classpath [static/], classpath [public/], ServletContext [/]]
2025-06-10 00:03:48.545 [http-nio-8080-exec-6] DEBUG o.s.w.s.r.ResourceHttpRequestHandler - Resource not found
2025-06-10 00:03:48.546 [http-nio-8080-exec-6] DEBUG o.s.w.s.m.s.DefaultHandlerExceptionResolver - Resolved [org.springframework.web.servlet.resource.NoResourceFoundException: No static resource actuator/health.]
2025-06-10 00:03:48.549 [http-nio-8080-exec-6] DEBUG o.s.web.servlet.DispatcherServlet - Completed 404 NOT_FOUND
2025-06-10 00:04:18.621 [http-nio-8080-exec-1] DEBUG o.s.web.servlet.DispatcherServlet - GET "/actuator/health", parameters={}
2025-06-10 00:04:18.628 [http-nio-8080-exec-1] DEBUG o.s.w.s.h.SimpleUrlHandlerMapping - Mapped to ResourceHttpRequestHandler [classpath [META-INF/resources/], classpath [resources/], classpath [static/], classpath [public/], ServletContext [/]]
2025-06-10 00:04:18.654 [http-nio-8080-exec-1] DEBUG o.s.w.s.r.ResourceHttpRequestHandler - Resource not found
2025-06-10 00:04:18.655 [http-nio-8080-exec-1] DEBUG o.s.w.s.m.s.DefaultHandlerExceptionResolver - Resolved [org.springframework.web.servlet.resource.NoResourceFoundException: No static resource actuator/health.]
2025-06-10 00:04:18.657 [http-nio-8080-exec-1] DEBUG o.s.web.servlet.DispatcherServlet - Completed 404 NOT_FOUND
2025-06-10 00:04:48.720 [http-nio-8080-exec-4] DEBUG o.s.web.servlet.DispatcherServlet - GET "/actuator/health", parameters={}
2025-06-10 00:04:48.727 [http-nio-8080-exec-4] DEBUG o.s.w.s.h.SimpleUrlHandlerMapping - Mapped to ResourceHttpRequestHandler [classpath [META-INF/resources/], classpath [resources/], classpath [static/], classpath [public/], ServletContext [/]]
2025-06-10 00:04:48.758 [http-nio-8080-exec-4] DEBUG o.s.w.s.r.ResourceHttpRequestHandler - Resource not found
2025-06-10 00:04:48.761 [http-nio-8080-exec-4] DEBUG o.s.w.s.m.s.DefaultHandlerExceptionResolver - Resolved [org.springframework.web.servlet.resource.NoResourceFoundException: No static resource actuator/health.]
2025-06-10 00:04:48.763 [http-nio-8080-exec-4] DEBUG o.s.web.servlet.DispatcherServlet - Completed 404 NOT_FOUND
2025-06-10 00:05:18.853 [http-nio-8080-exec-2] DEBUG o.s.web.servlet.DispatcherServlet - GET "/actuator/health", parameters={}
2025-06-10 00:05:18.858 [http-nio-8080-exec-2] DEBUG o.s.w.s.h.SimpleUrlHandlerMapping - Mapped to ResourceHttpRequestHandler [classpath [META-INF/resources/], classpath [resources/], classpath [static/], classpath [public/], ServletContext [/]]
2025-06-10 00:05:18.904 [http-nio-8080-exec-2] DEBUG o.s.w.s.r.ResourceHttpRequestHandler - Resource not found
2025-06-10 00:05:18.907 [http-nio-8080-exec-2] DEBUG o.s.w.s.m.s.DefaultHandlerExceptionResolver - Resolved [org.springframework.web.servlet.resource.NoResourceFoundException: No static resource actuator/health.]
2025-06-10 00:05:18.911 [http-nio-8080-exec-2] DEBUG o.s.web.servlet.DispatcherServlet - Completed 404 NOT_FOUND
2025-06-10 00:05:48.988 [http-nio-8080-exec-10] DEBUG o.s.web.servlet.DispatcherServlet - GET "/actuator/health", parameters={}
2025-06-10 00:05:48.995 [http-nio-8080-exec-10] DEBUG o.s.w.s.h.SimpleUrlHandlerMapping - Mapped to ResourceHttpRequestHandler [classpath [META-INF/resources/], classpath [resources/], classpath [static/], classpath [public/], ServletContext [/]]
2025-06-10 00:05:49.026 [http-nio-8080-exec-10] DEBUG o.s.w.s.r.ResourceHttpRequestHandler - Resource not found
2025-06-10 00:05:49.028 [http-nio-8080-exec-10] DEBUG o.s.w.s.m.s.DefaultHandlerExceptionResolver - Resolved [org.springframework.web.servlet.resource.NoResourceFoundException: No static resource actuator/health.]
2025-06-10 00:05:49.030 [http-nio-8080-exec-10] DEBUG o.s.web.servlet.DispatcherServlet - Completed 404 NOT_FOUND
2025-06-10 00:06:19.200 [http-nio-8080-exec-9] DEBUG o.s.web.servlet.DispatcherServlet - GET "/actuator/health", parameters={}
2025-06-10 00:06:19.206 [http-nio-8080-exec-9] DEBUG o.s.w.s.h.SimpleUrlHandlerMapping - Mapped to ResourceHttpRequestHandler [classpath [META-INF/resources/], classpath [resources/], classpath [static/], classpath [public/], ServletContext [/]]
2025-06-10 00:06:19.239 [http-nio-8080-exec-9] DEBUG o.s.w.s.r.ResourceHttpRequestHandler - Resource not found
2025-06-10 00:06:19.240 [http-nio-8080-exec-9] DEBUG o.s.w.s.m.s.DefaultHandlerExceptionResolver - Resolved [org.springframework.web.servlet.resource.NoResourceFoundException: No static resource actuator/health.]
2025-06-10 00:06:19.243 [http-nio-8080-exec-9] DEBUG o.s.web.servlet.DispatcherServlet - Completed 404 NOT_FOUND
2025-06-10 00:06:49.319 [http-nio-8080-exec-1] DEBUG o.s.web.servlet.DispatcherServlet - GET "/actuator/health", parameters={}
2025-06-10 00:06:49.326 [http-nio-8080-exec-1] DEBUG o.s.w.s.h.SimpleUrlHandlerMapping - Mapped to ResourceHttpRequestHandler [classpath [META-INF/resources/], classpath [resources/], classpath [static/], classpath [public/], ServletContext [/]]
2025-06-10 00:06:49.356 [http-nio-8080-exec-1] DEBUG o.s.w.s.r.ResourceHttpRequestHandler - Resource not found
2025-06-10 00:06:49.359 [http-nio-8080-exec-1] DEBUG o.s.w.s.m.s.DefaultHandlerExceptionResolver - Resolved [org.springframework.web.servlet.resource.NoResourceFoundException: No static resource actuator/health.]
2025-06-10 00:06:49.361 [http-nio-8080-exec-1] DEBUG o.s.web.servlet.DispatcherServlet - Completed 404 NOT_FOUND
2025-06-10 00:07:19.436 [http-nio-8080-exec-7] DEBUG o.s.web.servlet.DispatcherServlet - GET "/actuator/health", parameters={}
2025-06-10 00:07:19.441 [http-nio-8080-exec-7] DEBUG o.s.w.s.h.SimpleUrlHandlerMapping - Mapped to ResourceHttpRequestHandler [classpath [META-INF/resources/], classpath [resources/], classpath [static/], classpath [public/], ServletContext [/]]
2025-06-10 00:07:19.456 [http-nio-8080-exec-7] DEBUG o.s.w.s.r.ResourceHttpRequestHandler - Resource not found
2025-06-10 00:07:19.458 [http-nio-8080-exec-7] DEBUG o.s.w.s.m.s.DefaultHandlerExceptionResolver - Resolved [org.springframework.web.servlet.resource.NoResourceFoundException: No static resource actuator/health.]
2025-06-10 00:07:19.460 [http-nio-8080-exec-7] DEBUG o.s.web.servlet.DispatcherServlet - Completed 404 NOT_FOUND
2025-06-10 00:07:49.526 [http-nio-8080-exec-3] DEBUG o.s.web.servlet.DispatcherServlet - GET "/actuator/health", parameters={}
2025-06-10 00:07:49.535 [http-nio-8080-exec-3] DEBUG o.s.w.s.h.SimpleUrlHandlerMapping - Mapped to ResourceHttpRequestHandler [classpath [META-INF/resources/], classpath [resources/], classpath [static/], classpath [public/], ServletContext [/]]
2025-06-10 00:07:49.559 [http-nio-8080-exec-3] DEBUG o.s.w.s.r.ResourceHttpRequestHandler - Resource not found
2025-06-10 00:07:49.562 [http-nio-8080-exec-3] DEBUG o.s.w.s.m.s.DefaultHandlerExceptionResolver - Resolved [org.springframework.web.servlet.resource.NoResourceFoundException: No static resource actuator/health.]
2025-06-10 00:07:49.564 [http-nio-8080-exec-3] DEBUG o.s.web.servlet.DispatcherServlet - Completed 404 NOT_FOUND
2025-06-10 00:08:19.646 [http-nio-8080-exec-5] DEBUG o.s.web.servlet.DispatcherServlet - GET "/actuator/health", parameters={}
2025-06-10 00:08:19.650 [http-nio-8080-exec-5] DEBUG o.s.w.s.h.SimpleUrlHandlerMapping - Mapped to ResourceHttpRequestHandler [classpath [META-INF/resources/], classpath [resources/], classpath [static/], classpath [public/], ServletContext [/]]
2025-06-10 00:08:19.670 [http-nio-8080-exec-5] DEBUG o.s.w.s.r.ResourceHttpRequestHandler - Resource not found
2025-06-10 00:08:19.672 [http-nio-8080-exec-5] DEBUG o.s.w.s.m.s.DefaultHandlerExceptionResolver - Resolved [org.springframework.web.servlet.resource.NoResourceFoundException: No static resource actuator/health.]
2025-06-10 00:08:19.674 [http-nio-8080-exec-5] DEBUG o.s.web.servlet.DispatcherServlet - Completed 404 NOT_FOUND
2025-06-10 00:08:49.748 [http-nio-8080-exec-8] DEBUG o.s.web.servlet.DispatcherServlet - GET "/actuator/health", parameters={}
2025-06-10 00:08:49.757 [http-nio-8080-exec-8] DEBUG o.s.w.s.h.SimpleUrlHandlerMapping - Mapped to ResourceHttpRequestHandler [classpath [META-INF/resources/], classpath [resources/], classpath [static/], classpath [public/], ServletContext [/]]
2025-06-10 00:08:49.778 [http-nio-8080-exec-8] DEBUG o.s.w.s.r.ResourceHttpRequestHandler - Resource not found
2025-06-10 00:08:49.782 [http-nio-8080-exec-8] DEBUG o.s.w.s.m.s.DefaultHandlerExceptionResolver - Resolved [org.springframework.web.servlet.resource.NoResourceFoundException: No static resource actuator/health.]
2025-06-10 00:08:49.784 [http-nio-8080-exec-8] DEBUG o.s.web.servlet.DispatcherServlet - Completed 404 NOT_FOUND
2025-06-10 00:09:19.889 [http-nio-8080-exec-9] DEBUG o.s.web.servlet.DispatcherServlet - GET "/actuator/health", parameters={}
2025-06-10 00:09:19.892 [http-nio-8080-exec-9] DEBUG o.s.w.s.h.SimpleUrlHandlerMapping - Mapped to ResourceHttpRequestHandler [classpath [META-INF/resources/], classpath [resources/], classpath [static/], classpath [public/], ServletContext [/]]
2025-06-10 00:09:19.915 [http-nio-8080-exec-9] DEBUG o.s.w.s.r.ResourceHttpRequestHandler - Resource not found
2025-06-10 00:09:19.918 [http-nio-8080-exec-9] DEBUG o.s.w.s.m.s.DefaultHandlerExceptionResolver - Resolved [org.springframework.web.servlet.resource.NoResourceFoundException: No static resource actuator/health.]
2025-06-10 00:09:19.919 [http-nio-8080-exec-9] DEBUG o.s.web.servlet.DispatcherServlet - Completed 404 NOT_FOUND
2025-06-10 00:09:49.992 [http-nio-8080-exec-6] DEBUG o.s.web.servlet.DispatcherServlet - GET "/actuator/health", parameters={}
2025-06-10 00:09:49.995 [http-nio-8080-exec-6] DEBUG o.s.w.s.h.SimpleUrlHandlerMapping - Mapped to ResourceHttpRequestHandler [classpath [META-INF/resources/], classpath [resources/], classpath [static/], classpath [public/], ServletContext [/]]
2025-06-10 00:09:50.006 [http-nio-8080-exec-6] DEBUG o.s.w.s.r.ResourceHttpRequestHandler - Resource not found
2025-06-10 00:09:50.008 [http-nio-8080-exec-6] DEBUG o.s.w.s.m.s.DefaultHandlerExceptionResolver - Resolved [org.springframework.web.servlet.resource.NoResourceFoundException: No static resource actuator/health.]
2025-06-10 00:09:50.011 [http-nio-8080-exec-6] DEBUG o.s.web.servlet.DispatcherServlet - Completed 404 NOT_FOUND
2025-06-10 00:10:20.081 [http-nio-8080-exec-7] DEBUG o.s.web.servlet.DispatcherServlet - GET "/actuator/health", parameters={}
2025-06-10 00:10:20.082 [http-nio-8080-exec-7] DEBUG o.s.w.s.h.SimpleUrlHandlerMapping - Mapped to ResourceHttpRequestHandler [classpath [META-INF/resources/], classpath [resources/], classpath [static/], classpath [public/], ServletContext [/]]
2025-06-10 00:10:20.097 [http-nio-8080-exec-7] DEBUG o.s.w.s.r.ResourceHttpRequestHandler - Resource not found
2025-06-10 00:10:20.098 [http-nio-8080-exec-7] DEBUG o.s.w.s.m.s.DefaultHandlerExceptionResolver - Resolved [org.springframework.web.servlet.resource.NoResourceFoundException: No static resource actuator/health.]
2025-06-10 00:10:20.100 [http-nio-8080-exec-7] DEBUG o.s.web.servlet.DispatcherServlet - Completed 404 NOT_FOUND
2025-06-10 00:10:50.236 [http-nio-8080-exec-3] DEBUG o.s.web.servlet.DispatcherServlet - GET "/actuator/health", parameters={}
2025-06-10 00:10:50.239 [http-nio-8080-exec-3] DEBUG o.s.w.s.h.SimpleUrlHandlerMapping - Mapped to ResourceHttpRequestHandler [classpath [META-INF/resources/], classpath [resources/], classpath [static/], classpath [public/], ServletContext [/]]
2025-06-10 00:10:50.250 [http-nio-8080-exec-3] DEBUG o.s.w.s.r.ResourceHttpRequestHandler - Resource not found
2025-06-10 00:10:50.252 [http-nio-8080-exec-3] DEBUG o.s.w.s.m.s.DefaultHandlerExceptionResolver - Resolved [org.springframework.web.servlet.resource.NoResourceFoundException: No static resource actuator/health.]
2025-06-10 00:10:50.255 [http-nio-8080-exec-3] DEBUG o.s.web.servlet.DispatcherServlet - Completed 404 NOT_FOUND
2025-06-10 00:11:20.319 [http-nio-8080-exec-2] DEBUG o.s.web.servlet.DispatcherServlet - GET "/actuator/health", parameters={}
2025-06-10 00:11:20.322 [http-nio-8080-exec-2] DEBUG o.s.w.s.h.SimpleUrlHandlerMapping - Mapped to ResourceHttpRequestHandler [classpath [META-INF/resources/], classpath [resources/], classpath [static/], classpath [public/], ServletContext [/]]
2025-06-10 00:11:20.331 [http-nio-8080-exec-2] DEBUG o.s.w.s.r.ResourceHttpRequestHandler - Resource not found
2025-06-10 00:11:20.334 [http-nio-8080-exec-2] DEBUG o.s.w.s.m.s.DefaultHandlerExceptionResolver - Resolved [org.springframework.web.servlet.resource.NoResourceFoundException: No static resource actuator/health.]
2025-06-10 00:11:20.336 [http-nio-8080-exec-2] DEBUG o.s.web.servlet.DispatcherServlet - Completed 404 NOT_FOUND
2025-06-10 00:11:50.420 [http-nio-8080-exec-10] DEBUG o.s.web.servlet.DispatcherServlet - GET "/actuator/health", parameters={}
2025-06-10 00:11:50.422 [http-nio-8080-exec-10] DEBUG o.s.w.s.h.SimpleUrlHandlerMapping - Mapped to ResourceHttpRequestHandler [classpath [META-INF/resources/], classpath [resources/], classpath [static/], classpath [public/], ServletContext [/]]
2025-06-10 00:11:50.437 [http-nio-8080-exec-10] DEBUG o.s.w.s.r.ResourceHttpRequestHandler - Resource not found
2025-06-10 00:11:50.439 [http-nio-8080-exec-10] DEBUG o.s.w.s.m.s.DefaultHandlerExceptionResolver - Resolved [org.springframework.web.servlet.resource.NoResourceFoundException: No static resource actuator/health.]
2025-06-10 00:11:50.441 [http-nio-8080-exec-10] DEBUG o.s.web.servlet.DispatcherServlet - Completed 404 NOT_FOUND
2025-06-10 00:12:20.524 [http-nio-8080-exec-9] DEBUG o.s.web.servlet.DispatcherServlet - GET "/actuator/health", parameters={}
2025-06-10 00:12:20.527 [http-nio-8080-exec-9] DEBUG o.s.w.s.h.SimpleUrlHandlerMapping - Mapped to ResourceHttpRequestHandler [classpath [META-INF/resources/], classpath [resources/], classpath [static/], classpath [public/], ServletContext [/]]
2025-06-10 00:12:20.536 [http-nio-8080-exec-9] DEBUG o.s.w.s.r.ResourceHttpRequestHandler - Resource not found
2025-06-10 00:12:20.537 [http-nio-8080-exec-9] DEBUG o.s.w.s.m.s.DefaultHandlerExceptionResolver - Resolved [org.springframework.web.servlet.resource.NoResourceFoundException: No static resource actuator/health.]
2025-06-10 00:12:20.539 [http-nio-8080-exec-9] DEBUG o.s.web.servlet.DispatcherServlet - Completed 404 NOT_FOUND
2025-06-10 00:12:50.633 [http-nio-8080-exec-6] DEBUG o.s.web.servlet.DispatcherServlet - GET "/actuator/health", parameters={}
2025-06-10 00:12:50.638 [http-nio-8080-exec-6] DEBUG o.s.w.s.h.SimpleUrlHandlerMapping - Mapped to ResourceHttpRequestHandler [classpath [META-INF/resources/], classpath [resources/], classpath [static/], classpath [public/], ServletContext [/]]
2025-06-10 00:12:50.652 [http-nio-8080-exec-6] DEBUG o.s.w.s.r.ResourceHttpRequestHandler - Resource not found
2025-06-10 00:12:50.655 [http-nio-8080-exec-6] DEBUG o.s.w.s.m.s.DefaultHandlerExceptionResolver - Resolved [org.springframework.web.servlet.resource.NoResourceFoundException: No static resource actuator/health.]
2025-06-10 00:12:50.664 [http-nio-8080-exec-6] DEBUG o.s.web.servlet.DispatcherServlet - Completed 404 NOT_FOUND
2025-06-10 00:13:20.780 [http-nio-8080-exec-7] DEBUG o.s.web.servlet.DispatcherServlet - GET "/actuator/health", parameters={}
2025-06-10 00:13:20.790 [http-nio-8080-exec-7] DEBUG o.s.w.s.h.SimpleUrlHandlerMapping - Mapped to ResourceHttpRequestHandler [classpath [META-INF/resources/], classpath [resources/], classpath [static/], classpath [public/], ServletContext [/]]
2025-06-10 00:13:20.834 [http-nio-8080-exec-7] DEBUG o.s.w.s.r.ResourceHttpRequestHandler - Resource not found
2025-06-10 00:13:20.835 [http-nio-8080-exec-7] DEBUG o.s.w.s.m.s.DefaultHandlerExceptionResolver - Resolved [org.springframework.web.servlet.resource.NoResourceFoundException: No static resource actuator/health.]
2025-06-10 00:13:20.841 [http-nio-8080-exec-7] DEBUG o.s.web.servlet.DispatcherServlet - Completed 404 NOT_FOUND
2025-06-10 00:13:50.942 [http-nio-8080-exec-3] DEBUG o.s.web.servlet.DispatcherServlet - GET "/actuator/health", parameters={}
2025-06-10 00:13:50.954 [http-nio-8080-exec-3] DEBUG o.s.w.s.h.SimpleUrlHandlerMapping - Mapped to ResourceHttpRequestHandler [classpath [META-INF/resources/], classpath [resources/], classpath [static/], classpath [public/], ServletContext [/]]
2025-06-10 00:13:50.965 [http-nio-8080-exec-3] DEBUG o.s.w.s.r.ResourceHttpRequestHandler - Resource not found
2025-06-10 00:13:50.966 [http-nio-8080-exec-3] DEBUG o.s.w.s.m.s.DefaultHandlerExceptionResolver - Resolved [org.springframework.web.servlet.resource.NoResourceFoundException: No static resource actuator/health.]
2025-06-10 00:13:50.967 [http-nio-8080-exec-3] DEBUG o.s.web.servlet.DispatcherServlet - Completed 404 NOT_FOUND
2025-06-10 00:14:21.067 [http-nio-8080-exec-2] DEBUG o.s.web.servlet.DispatcherServlet - GET "/actuator/health", parameters={}
2025-06-10 00:14:21.081 [http-nio-8080-exec-2] DEBUG o.s.w.s.h.SimpleUrlHandlerMapping - Mapped to ResourceHttpRequestHandler [classpath [META-INF/resources/], classpath [resources/], classpath [static/], classpath [public/], ServletContext [/]]
2025-06-10 00:14:21.093 [http-nio-8080-exec-2] DEBUG o.s.w.s.r.ResourceHttpRequestHandler - Resource not found
2025-06-10 00:14:21.096 [http-nio-8080-exec-2] DEBUG o.s.w.s.m.s.DefaultHandlerExceptionResolver - Resolved [org.springframework.web.servlet.resource.NoResourceFoundException: No static resource actuator/health.]
2025-06-10 00:14:21.098 [http-nio-8080-exec-2] DEBUG o.s.web.servlet.DispatcherServlet - Completed 404 NOT_FOUND
2025-06-10 00:14:51.170 [http-nio-8080-exec-8] DEBUG o.s.web.servlet.DispatcherServlet - GET "/actuator/health", parameters={}
2025-06-10 00:14:51.172 [http-nio-8080-exec-8] DEBUG o.s.w.s.h.SimpleUrlHandlerMapping - Mapped to ResourceHttpRequestHandler [classpath [META-INF/resources/], classpath [resources/], classpath [static/], classpath [public/], ServletContext [/]]
2025-06-10 00:14:51.182 [http-nio-8080-exec-8] DEBUG o.s.w.s.r.ResourceHttpRequestHandler - Resource not found
2025-06-10 00:14:51.183 [http-nio-8080-exec-8] DEBUG o.s.w.s.m.s.DefaultHandlerExceptionResolver - Resolved [org.springframework.web.servlet.resource.NoResourceFoundException: No static resource actuator/health.]
2025-06-10 00:14:51.184 [http-nio-8080-exec-8] DEBUG o.s.web.servlet.DispatcherServlet - Completed 404 NOT_FOUND
2025-06-10 00:15:21.295 [http-nio-8080-exec-6] DEBUG o.s.web.servlet.DispatcherServlet - GET "/actuator/health", parameters={}
2025-06-10 00:15:21.299 [http-nio-8080-exec-6] DEBUG o.s.w.s.h.SimpleUrlHandlerMapping - Mapped to ResourceHttpRequestHandler [classpath [META-INF/resources/], classpath [resources/], classpath [static/], classpath [public/], ServletContext [/]]
2025-06-10 00:15:21.310 [http-nio-8080-exec-6] DEBUG o.s.w.s.r.ResourceHttpRequestHandler - Resource not found
2025-06-10 00:15:21.316 [http-nio-8080-exec-6] DEBUG o.s.w.s.m.s.DefaultHandlerExceptionResolver - Resolved [org.springframework.web.servlet.resource.NoResourceFoundException: No static resource actuator/health.]
2025-06-10 00:15:21.317 [http-nio-8080-exec-6] DEBUG o.s.web.servlet.DispatcherServlet - Completed 404 NOT_FOUND
2025-06-10 00:15:51.387 [http-nio-8080-exec-7] DEBUG o.s.web.servlet.DispatcherServlet - GET "/actuator/health", parameters={}
2025-06-10 00:15:51.389 [http-nio-8080-exec-7] DEBUG o.s.w.s.h.SimpleUrlHandlerMapping - Mapped to ResourceHttpRequestHandler [classpath [META-INF/resources/], classpath [resources/], classpath [static/], classpath [public/], ServletContext [/]]
2025-06-10 00:15:51.396 [http-nio-8080-exec-7] DEBUG o.s.w.s.r.ResourceHttpRequestHandler - Resource not found
2025-06-10 00:15:51.401 [http-nio-8080-exec-7] DEBUG o.s.w.s.m.s.DefaultHandlerExceptionResolver - Resolved [org.springframework.web.servlet.resource.NoResourceFoundException: No static resource actuator/health.]
2025-06-10 00:15:51.404 [http-nio-8080-exec-7] DEBUG o.s.web.servlet.DispatcherServlet - Completed 404 NOT_FOUND
2025-06-10 00:16:21.472 [http-nio-8080-exec-3] DEBUG o.s.web.servlet.DispatcherServlet - GET "/actuator/health", parameters={}
2025-06-10 00:16:21.474 [http-nio-8080-exec-3] DEBUG o.s.w.s.h.SimpleUrlHandlerMapping - Mapped to ResourceHttpRequestHandler [classpath [META-INF/resources/], classpath [resources/], classpath [static/], classpath [public/], ServletContext [/]]
2025-06-10 00:16:21.485 [http-nio-8080-exec-3] DEBUG o.s.w.s.r.ResourceHttpRequestHandler - Resource not found
2025-06-10 00:16:21.487 [http-nio-8080-exec-3] DEBUG o.s.w.s.m.s.DefaultHandlerExceptionResolver - Resolved [org.springframework.web.servlet.resource.NoResourceFoundException: No static resource actuator/health.]
2025-06-10 00:16:21.491 [http-nio-8080-exec-3] DEBUG o.s.web.servlet.DispatcherServlet - Completed 404 NOT_FOUND
2025-06-10 00:16:51.574 [http-nio-8080-exec-10] DEBUG o.s.web.servlet.DispatcherServlet - GET "/actuator/health", parameters={}
2025-06-10 00:16:51.579 [http-nio-8080-exec-10] DEBUG o.s.w.s.h.SimpleUrlHandlerMapping - Mapped to ResourceHttpRequestHandler [classpath [META-INF/resources/], classpath [resources/], classpath [static/], classpath [public/], ServletContext [/]]
2025-06-10 00:16:51.593 [http-nio-8080-exec-10] DEBUG o.s.w.s.r.ResourceHttpRequestHandler - Resource not found
2025-06-10 00:16:51.594 [http-nio-8080-exec-10] DEBUG o.s.w.s.m.s.DefaultHandlerExceptionResolver - Resolved [org.springframework.web.servlet.resource.NoResourceFoundException: No static resource actuator/health.]
2025-06-10 00:16:51.596 [http-nio-8080-exec-10] DEBUG o.s.web.servlet.DispatcherServlet - Completed 404 NOT_FOUND
2025-06-10 00:17:21.677 [http-nio-8080-exec-2] DEBUG o.s.web.servlet.DispatcherServlet - GET "/actuator/health", parameters={}
2025-06-10 00:17:21.683 [http-nio-8080-exec-2] DEBUG o.s.w.s.h.SimpleUrlHandlerMapping - Mapped to ResourceHttpRequestHandler [classpath [META-INF/resources/], classpath [resources/], classpath [static/], classpath [public/], ServletContext [/]]
2025-06-10 00:17:21.699 [http-nio-8080-exec-2] DEBUG o.s.w.s.r.ResourceHttpRequestHandler - Resource not found
2025-06-10 00:17:21.702 [http-nio-8080-exec-2] DEBUG o.s.w.s.m.s.DefaultHandlerExceptionResolver - Resolved [org.springframework.web.servlet.resource.NoResourceFoundException: No static resource actuator/health.]
2025-06-10 00:17:21.705 [http-nio-8080-exec-2] DEBUG o.s.web.servlet.DispatcherServlet - Completed 404 NOT_FOUND
2025-06-10 00:17:51.772 [http-nio-8080-exec-8] DEBUG o.s.web.servlet.DispatcherServlet - GET "/actuator/health", parameters={}
2025-06-10 00:17:51.776 [http-nio-8080-exec-8] DEBUG o.s.w.s.h.SimpleUrlHandlerMapping - Mapped to ResourceHttpRequestHandler [classpath [META-INF/resources/], classpath [resources/], classpath [static/], classpath [public/], ServletContext [/]]
2025-06-10 00:17:51.802 [http-nio-8080-exec-8] DEBUG o.s.w.s.r.ResourceHttpRequestHandler - Resource not found
2025-06-10 00:17:51.803 [http-nio-8080-exec-8] DEBUG o.s.w.s.m.s.DefaultHandlerExceptionResolver - Resolved [org.springframework.web.servlet.resource.NoResourceFoundException: No static resource actuator/health.]
2025-06-10 00:17:51.806 [http-nio-8080-exec-8] DEBUG o.s.web.servlet.DispatcherServlet - Completed 404 NOT_FOUND
2025-06-10 00:18:21.889 [http-nio-8080-exec-1] DEBUG o.s.web.servlet.DispatcherServlet - GET "/actuator/health", parameters={}
2025-06-10 00:18:21.900 [http-nio-8080-exec-1] DEBUG o.s.w.s.h.SimpleUrlHandlerMapping - Mapped to ResourceHttpRequestHandler [classpath [META-INF/resources/], classpath [resources/], classpath [static/], classpath [public/], ServletContext [/]]
2025-06-10 00:18:21.940 [http-nio-8080-exec-1] DEBUG o.s.w.s.r.ResourceHttpRequestHandler - Resource not found
2025-06-10 00:18:21.941 [http-nio-8080-exec-1] DEBUG o.s.w.s.m.s.DefaultHandlerExceptionResolver - Resolved [org.springframework.web.servlet.resource.NoResourceFoundException: No static resource actuator/health.]
2025-06-10 00:18:21.944 [http-nio-8080-exec-1] DEBUG o.s.web.servlet.DispatcherServlet - Completed 404 NOT_FOUND
2025-06-10 00:18:52.037 [http-nio-8080-exec-7] DEBUG o.s.web.servlet.DispatcherServlet - GET "/actuator/health", parameters={}
2025-06-10 00:18:52.051 [http-nio-8080-exec-7] DEBUG o.s.w.s.h.SimpleUrlHandlerMapping - Mapped to ResourceHttpRequestHandler [classpath [META-INF/resources/], classpath [resources/], classpath [static/], classpath [public/], ServletContext [/]]
2025-06-10 00:18:52.103 [http-nio-8080-exec-7] DEBUG o.s.w.s.r.ResourceHttpRequestHandler - Resource not found
2025-06-10 00:18:52.105 [http-nio-8080-exec-7] DEBUG o.s.w.s.m.s.DefaultHandlerExceptionResolver - Resolved [org.springframework.web.servlet.resource.NoResourceFoundException: No static resource actuator/health.]
2025-06-10 00:18:52.108 [http-nio-8080-exec-7] DEBUG o.s.web.servlet.DispatcherServlet - Completed 404 NOT_FOUND
2025-06-10 00:19:22.246 [http-nio-8080-exec-4] DEBUG o.s.web.servlet.DispatcherServlet - GET "/actuator/health", parameters={}
2025-06-10 00:19:22.255 [http-nio-8080-exec-4] DEBUG o.s.w.s.h.SimpleUrlHandlerMapping - Mapped to ResourceHttpRequestHandler [classpath [META-INF/resources/], classpath [resources/], classpath [static/], classpath [public/], ServletContext [/]]
2025-06-10 00:19:22.293 [http-nio-8080-exec-4] DEBUG o.s.w.s.r.ResourceHttpRequestHandler - Resource not found
2025-06-10 00:19:22.296 [http-nio-8080-exec-4] DEBUG o.s.w.s.m.s.DefaultHandlerExceptionResolver - Resolved [org.springframework.web.servlet.resource.NoResourceFoundException: No static resource actuator/health.]
2025-06-10 00:19:22.299 [http-nio-8080-exec-4] DEBUG o.s.web.servlet.DispatcherServlet - Completed 404 NOT_FOUND
2025-06-10 00:19:52.393 [http-nio-8080-exec-5] DEBUG o.s.web.servlet.DispatcherServlet - GET "/actuator/health", parameters={}
2025-06-10 00:19:52.400 [http-nio-8080-exec-5] DEBUG o.s.w.s.h.SimpleUrlHandlerMapping - Mapped to ResourceHttpRequestHandler [classpath [META-INF/resources/], classpath [resources/], classpath [static/], classpath [public/], ServletContext [/]]
2025-06-10 00:19:52.430 [http-nio-8080-exec-5] DEBUG o.s.w.s.r.ResourceHttpRequestHandler - Resource not found
2025-06-10 00:19:52.433 [http-nio-8080-exec-5] DEBUG o.s.w.s.m.s.DefaultHandlerExceptionResolver - Resolved [org.springframework.web.servlet.resource.NoResourceFoundException: No static resource actuator/health.]
2025-06-10 00:19:52.439 [http-nio-8080-exec-5] DEBUG o.s.web.servlet.DispatcherServlet - Completed 404 NOT_FOUND
2025-06-10 00:20:22.547 [http-nio-8080-exec-2] DEBUG o.s.web.servlet.DispatcherServlet - GET "/actuator/health", parameters={}
2025-06-10 00:20:22.554 [http-nio-8080-exec-2] DEBUG o.s.w.s.h.SimpleUrlHandlerMapping - Mapped to ResourceHttpRequestHandler [classpath [META-INF/resources/], classpath [resources/], classpath [static/], classpath [public/], ServletContext [/]]
2025-06-10 00:20:22.574 [http-nio-8080-exec-2] DEBUG o.s.w.s.r.ResourceHttpRequestHandler - Resource not found
2025-06-10 00:20:22.576 [http-nio-8080-exec-2] DEBUG o.s.w.s.m.s.DefaultHandlerExceptionResolver - Resolved [org.springframework.web.servlet.resource.NoResourceFoundException: No static resource actuator/health.]
2025-06-10 00:20:22.578 [http-nio-8080-exec-2] DEBUG o.s.web.servlet.DispatcherServlet - Completed 404 NOT_FOUND
2025-06-10 00:20:52.690 [http-nio-8080-exec-8] DEBUG o.s.web.servlet.DispatcherServlet - GET "/actuator/health", parameters={}
2025-06-10 00:20:52.695 [http-nio-8080-exec-8] DEBUG o.s.w.s.h.SimpleUrlHandlerMapping - Mapped to ResourceHttpRequestHandler [classpath [META-INF/resources/], classpath [resources/], classpath [static/], classpath [public/], ServletContext [/]]
2025-06-10 00:20:52.728 [http-nio-8080-exec-8] DEBUG o.s.w.s.r.ResourceHttpRequestHandler - Resource not found
2025-06-10 00:20:52.730 [http-nio-8080-exec-8] DEBUG o.s.w.s.m.s.DefaultHandlerExceptionResolver - Resolved [org.springframework.web.servlet.resource.NoResourceFoundException: No static resource actuator/health.]
2025-06-10 00:20:52.732 [http-nio-8080-exec-8] DEBUG o.s.web.servlet.DispatcherServlet - Completed 404 NOT_FOUND
2025-06-10 00:21:22.803 [http-nio-8080-exec-1] DEBUG o.s.web.servlet.DispatcherServlet - GET "/actuator/health", parameters={}
2025-06-10 00:21:22.807 [http-nio-8080-exec-1] DEBUG o.s.w.s.h.SimpleUrlHandlerMapping - Mapped to ResourceHttpRequestHandler [classpath [META-INF/resources/], classpath [resources/], classpath [static/], classpath [public/], ServletContext [/]]
2025-06-10 00:21:22.828 [http-nio-8080-exec-1] DEBUG o.s.w.s.r.ResourceHttpRequestHandler - Resource not found
2025-06-10 00:21:22.830 [http-nio-8080-exec-1] DEBUG o.s.w.s.m.s.DefaultHandlerExceptionResolver - Resolved [org.springframework.web.servlet.resource.NoResourceFoundException: No static resource actuator/health.]
2025-06-10 00:21:22.833 [http-nio-8080-exec-1] DEBUG o.s.web.servlet.DispatcherServlet - Completed 404 NOT_FOUND
2025-06-10 00:21:52.902 [http-nio-8080-exec-4] DEBUG o.s.web.servlet.DispatcherServlet - GET "/actuator/health", parameters={}
2025-06-10 00:21:52.917 [http-nio-8080-exec-4] DEBUG o.s.w.s.h.SimpleUrlHandlerMapping - Mapped to ResourceHttpRequestHandler [classpath [META-INF/resources/], classpath [resources/], classpath [static/], classpath [public/], ServletContext [/]]
2025-06-10 00:21:52.957 [http-nio-8080-exec-4] DEBUG o.s.w.s.r.ResourceHttpRequestHandler - Resource not found
2025-06-10 00:21:52.959 [http-nio-8080-exec-4] DEBUG o.s.w.s.m.s.DefaultHandlerExceptionResolver - Resolved [org.springframework.web.servlet.resource.NoResourceFoundException: No static resource actuator/health.]
2025-06-10 00:21:52.961 [http-nio-8080-exec-4] DEBUG o.s.web.servlet.DispatcherServlet - Completed 404 NOT_FOUND
2025-06-10 00:22:23.037 [http-nio-8080-exec-3] DEBUG o.s.web.servlet.DispatcherServlet - GET "/actuator/health", parameters={}
2025-06-10 00:22:23.043 [http-nio-8080-exec-3] DEBUG o.s.w.s.h.SimpleUrlHandlerMapping - Mapped to ResourceHttpRequestHandler [classpath [META-INF/resources/], classpath [resources/], classpath [static/], classpath [public/], ServletContext [/]]
2025-06-10 00:22:23.060 [http-nio-8080-exec-3] DEBUG o.s.w.s.r.ResourceHttpRequestHandler - Resource not found
2025-06-10 00:22:23.064 [http-nio-8080-exec-3] DEBUG o.s.w.s.m.s.DefaultHandlerExceptionResolver - Resolved [org.springframework.web.servlet.resource.NoResourceFoundException: No static resource actuator/health.]
2025-06-10 00:22:23.065 [http-nio-8080-exec-3] DEBUG o.s.web.servlet.DispatcherServlet - Completed 404 NOT_FOUND
2025-06-10 00:22:53.141 [http-nio-8080-exec-10] DEBUG o.s.web.servlet.DispatcherServlet - GET "/actuator/health", parameters={}
2025-06-10 00:22:53.144 [http-nio-8080-exec-10] DEBUG o.s.w.s.h.SimpleUrlHandlerMapping - Mapped to ResourceHttpRequestHandler [classpath [META-INF/resources/], classpath [resources/], classpath [static/], classpath [public/], ServletContext [/]]
2025-06-10 00:22:53.158 [http-nio-8080-exec-10] DEBUG o.s.w.s.r.ResourceHttpRequestHandler - Resource not found
2025-06-10 00:22:53.159 [http-nio-8080-exec-10] DEBUG o.s.w.s.m.s.DefaultHandlerExceptionResolver - Resolved [org.springframework.web.servlet.resource.NoResourceFoundException: No static resource actuator/health.]
2025-06-10 00:22:53.161 [http-nio-8080-exec-10] DEBUG o.s.web.servlet.DispatcherServlet - Completed 404 NOT_FOUND
2025-06-10 00:23:23.232 [http-nio-8080-exec-9] DEBUG o.s.web.servlet.DispatcherServlet - GET "/actuator/health", parameters={}
2025-06-10 00:23:23.238 [http-nio-8080-exec-9] DEBUG o.s.w.s.h.SimpleUrlHandlerMapping - Mapped to ResourceHttpRequestHandler [classpath [META-INF/resources/], classpath [resources/], classpath [static/], classpath [public/], ServletContext [/]]
2025-06-10 00:23:23.379 [http-nio-8080-exec-9] DEBUG o.s.w.s.r.ResourceHttpRequestHandler - Resource not found
2025-06-10 00:23:23.384 [http-nio-8080-exec-9] DEBUG o.s.w.s.m.s.DefaultHandlerExceptionResolver - Resolved [org.springframework.web.servlet.resource.NoResourceFoundException: No static resource actuator/health.]
2025-06-10 00:23:23.389 [http-nio-8080-exec-9] DEBUG o.s.web.servlet.DispatcherServlet - Completed 404 NOT_FOUND
2025-06-10 00:23:53.454 [http-nio-8080-exec-8] DEBUG o.s.web.servlet.DispatcherServlet - GET "/actuator/health", parameters={}
2025-06-10 00:23:53.464 [http-nio-8080-exec-8] DEBUG o.s.w.s.h.SimpleUrlHandlerMapping - Mapped to ResourceHttpRequestHandler [classpath [META-INF/resources/], classpath [resources/], classpath [static/], classpath [public/], ServletContext [/]]
2025-06-10 00:23:53.491 [http-nio-8080-exec-8] DEBUG o.s.w.s.r.ResourceHttpRequestHandler - Resource not found
2025-06-10 00:23:53.493 [http-nio-8080-exec-8] DEBUG o.s.w.s.m.s.DefaultHandlerExceptionResolver - Resolved [org.springframework.web.servlet.resource.NoResourceFoundException: No static resource actuator/health.]
2025-06-10 00:23:53.494 [http-nio-8080-exec-8] DEBUG o.s.web.servlet.DispatcherServlet - Completed 404 NOT_FOUND
2025-06-10 00:24:23.954 [http-nio-8080-exec-1] DEBUG o.s.web.servlet.DispatcherServlet - GET "/actuator/health", parameters={}
2025-06-10 00:24:23.966 [http-nio-8080-exec-1] DEBUG o.s.w.s.h.SimpleUrlHandlerMapping - Mapped to ResourceHttpRequestHandler [classpath [META-INF/resources/], classpath [resources/], classpath [static/], classpath [public/], ServletContext [/]]
2025-06-10 00:24:24.019 [http-nio-8080-exec-1] DEBUG o.s.w.s.r.ResourceHttpRequestHandler - Resource not found
2025-06-10 00:24:24.021 [http-nio-8080-exec-1] DEBUG o.s.w.s.m.s.DefaultHandlerExceptionResolver - Resolved [org.springframework.web.servlet.resource.NoResourceFoundException: No static resource actuator/health.]
2025-06-10 00:24:24.025 [http-nio-8080-exec-1] DEBUG o.s.web.servlet.DispatcherServlet - Completed 404 NOT_FOUND
2025-06-10 00:24:54.189 [http-nio-8080-exec-4] DEBUG o.s.web.servlet.DispatcherServlet - GET "/actuator/health", parameters={}
2025-06-10 00:24:54.200 [http-nio-8080-exec-4] DEBUG o.s.w.s.h.SimpleUrlHandlerMapping - Mapped to ResourceHttpRequestHandler [classpath [META-INF/resources/], classpath [resources/], classpath [static/], classpath [public/], ServletContext [/]]
2025-06-10 00:24:54.226 [http-nio-8080-exec-4] DEBUG o.s.w.s.r.ResourceHttpRequestHandler - Resource not found
2025-06-10 00:24:54.228 [http-nio-8080-exec-4] DEBUG o.s.w.s.m.s.DefaultHandlerExceptionResolver - Resolved [org.springframework.web.servlet.resource.NoResourceFoundException: No static resource actuator/health.]
2025-06-10 00:24:54.229 [http-nio-8080-exec-4] DEBUG o.s.web.servlet.DispatcherServlet - Completed 404 NOT_FOUND
2025-06-10 00:25:24.350 [http-nio-8080-exec-3] DEBUG o.s.web.servlet.DispatcherServlet - GET "/actuator/health", parameters={}
2025-06-10 00:25:24.358 [http-nio-8080-exec-3] DEBUG o.s.w.s.h.SimpleUrlHandlerMapping - Mapped to ResourceHttpRequestHandler [classpath [META-INF/resources/], classpath [resources/], classpath [static/], classpath [public/], ServletContext [/]]
2025-06-10 00:25:24.402 [http-nio-8080-exec-3] DEBUG o.s.w.s.r.ResourceHttpRequestHandler - Resource not found
2025-06-10 00:25:24.406 [http-nio-8080-exec-3] DEBUG o.s.w.s.m.s.DefaultHandlerExceptionResolver - Resolved [org.springframework.web.servlet.resource.NoResourceFoundException: No static resource actuator/health.]
2025-06-10 00:25:24.408 [http-nio-8080-exec-3] DEBUG o.s.web.servlet.DispatcherServlet - Completed 404 NOT_FOUND
2025-06-10 00:25:54.489 [http-nio-8080-exec-10] DEBUG o.s.web.servlet.DispatcherServlet - GET "/actuator/health", parameters={}
2025-06-10 00:25:54.493 [http-nio-8080-exec-10] DEBUG o.s.w.s.h.SimpleUrlHandlerMapping - Mapped to ResourceHttpRequestHandler [classpath [META-INF/resources/], classpath [resources/], classpath [static/], classpath [public/], ServletContext [/]]
2025-06-10 00:25:54.526 [http-nio-8080-exec-10] DEBUG o.s.w.s.r.ResourceHttpRequestHandler - Resource not found
2025-06-10 00:25:54.528 [http-nio-8080-exec-10] DEBUG o.s.w.s.m.s.DefaultHandlerExceptionResolver - Resolved [org.springframework.web.servlet.resource.NoResourceFoundException: No static resource actuator/health.]
2025-06-10 00:25:54.539 [http-nio-8080-exec-10] DEBUG o.s.web.servlet.DispatcherServlet - Completed 404 NOT_FOUND
2025-06-10 00:26:24.616 [http-nio-8080-exec-2] DEBUG o.s.web.servlet.DispatcherServlet - GET "/actuator/health", parameters={}
2025-06-10 00:26:24.622 [http-nio-8080-exec-2] DEBUG o.s.w.s.h.SimpleUrlHandlerMapping - Mapped to ResourceHttpRequestHandler [classpath [META-INF/resources/], classpath [resources/], classpath [static/], classpath [public/], ServletContext [/]]
2025-06-10 00:26:24.647 [http-nio-8080-exec-2] DEBUG o.s.w.s.r.ResourceHttpRequestHandler - Resource not found
2025-06-10 00:26:24.651 [http-nio-8080-exec-2] DEBUG o.s.w.s.m.s.DefaultHandlerExceptionResolver - Resolved [org.springframework.web.servlet.resource.NoResourceFoundException: No static resource actuator/health.]
2025-06-10 00:26:24.653 [http-nio-8080-exec-2] DEBUG o.s.web.servlet.DispatcherServlet - Completed 404 NOT_FOUND
2025-06-10 00:26:54.737 [http-nio-8080-exec-8] DEBUG o.s.web.servlet.DispatcherServlet - GET "/actuator/health", parameters={}
2025-06-10 00:26:54.741 [http-nio-8080-exec-8] DEBUG o.s.w.s.h.SimpleUrlHandlerMapping - Mapped to ResourceHttpRequestHandler [classpath [META-INF/resources/], classpath [resources/], classpath [static/], classpath [public/], ServletContext [/]]
2025-06-10 00:26:54.768 [http-nio-8080-exec-8] DEBUG o.s.w.s.r.ResourceHttpRequestHandler - Resource not found
2025-06-10 00:26:54.769 [http-nio-8080-exec-8] DEBUG o.s.w.s.m.s.DefaultHandlerExceptionResolver - Resolved [org.springframework.web.servlet.resource.NoResourceFoundException: No static resource actuator/health.]
2025-06-10 00:26:54.771 [http-nio-8080-exec-8] DEBUG o.s.web.servlet.DispatcherServlet - Completed 404 NOT_FOUND
2025-06-10 00:27:24.849 [http-nio-8080-exec-1] DEBUG o.s.web.servlet.DispatcherServlet - GET "/actuator/health", parameters={}
2025-06-10 00:27:24.857 [http-nio-8080-exec-1] DEBUG o.s.w.s.h.SimpleUrlHandlerMapping - Mapped to ResourceHttpRequestHandler [classpath [META-INF/resources/], classpath [resources/], classpath [static/], classpath [public/], ServletContext [/]]
2025-06-10 00:27:24.874 [http-nio-8080-exec-1] DEBUG o.s.w.s.r.ResourceHttpRequestHandler - Resource not found
2025-06-10 00:27:24.875 [http-nio-8080-exec-1] DEBUG o.s.w.s.m.s.DefaultHandlerExceptionResolver - Resolved [org.springframework.web.servlet.resource.NoResourceFoundException: No static resource actuator/health.]
2025-06-10 00:27:24.877 [http-nio-8080-exec-1] DEBUG o.s.web.servlet.DispatcherServlet - Completed 404 NOT_FOUND
2025-06-10 00:27:55.051 [http-nio-8080-exec-4] DEBUG o.s.web.servlet.DispatcherServlet - GET "/actuator/health", parameters={}
2025-06-10 00:27:55.091 [http-nio-8080-exec-4] DEBUG o.s.w.s.h.SimpleUrlHandlerMapping - Mapped to ResourceHttpRequestHandler [classpath [META-INF/resources/], classpath [resources/], classpath [static/], classpath [public/], ServletContext [/]]
2025-06-10 00:27:55.143 [http-nio-8080-exec-4] DEBUG o.s.w.s.r.ResourceHttpRequestHandler - Resource not found
2025-06-10 00:27:55.145 [http-nio-8080-exec-4] DEBUG o.s.w.s.m.s.DefaultHandlerExceptionResolver - Resolved [org.springframework.web.servlet.resource.NoResourceFoundException: No static resource actuator/health.]
2025-06-10 00:27:55.147 [http-nio-8080-exec-4] DEBUG o.s.web.servlet.DispatcherServlet - Completed 404 NOT_FOUND
2025-06-10 00:28:26.567 [http-nio-8080-exec-3] DEBUG o.s.web.servlet.DispatcherServlet - GET "/actuator/health", parameters={}
2025-06-10 00:28:26.642 [http-nio-8080-exec-3] DEBUG o.s.w.s.h.SimpleUrlHandlerMapping - Mapped to ResourceHttpRequestHandler [classpath [META-INF/resources/], classpath [resources/], classpath [static/], classpath [public/], ServletContext [/]]
2025-06-10 00:28:26.688 [http-nio-8080-exec-3] DEBUG o.s.w.s.r.ResourceHttpRequestHandler - Resource not found
2025-06-10 00:28:26.690 [http-nio-8080-exec-3] DEBUG o.s.w.s.m.s.DefaultHandlerExceptionResolver - Resolved [org.springframework.web.servlet.resource.NoResourceFoundException: No static resource actuator/health.]
2025-06-10 00:28:26.696 [http-nio-8080-exec-3] DEBUG o.s.web.servlet.DispatcherServlet - Completed 404 NOT_FOUND
2025-06-10 00:28:27.115 [SpringApplicationShutdownHook] INFO  o.s.b.w.e.tomcat.GracefulShutdown - Commencing graceful shutdown. Waiting for active requests to complete
2025-06-10 00:28:27.785 [tomcat-shutdown] INFO  o.s.b.w.e.tomcat.GracefulShutdown - Graceful shutdown complete
2025-06-10 00:28:28.259 [SpringApplicationShutdownHook] INFO  o.s.b.w.e.tomcat.GracefulShutdown - Commencing graceful shutdown. Waiting for active requests to complete
2025-06-10 00:28:28.333 [tomcat-shutdown] INFO  o.s.b.w.e.tomcat.GracefulShutdown - Graceful shutdown complete
2025-06-10 00:42:51.488 [main] INFO  b.com.project.music.MusicApplication - Starting MusicApplication v0.0.1-SNAPSHOT using Java 21.0.7 with PID 1 (/app/app.jar started by root in /app)
2025-06-10 00:42:51.520 [main] INFO  b.com.project.music.MusicApplication - The following 1 profile is active: "dev"
2025-06-10 00:43:10.040 [main] INFO  o.s.d.r.c.RepositoryConfigurationDelegate - Bootstrapping Spring Data JPA repositories in DEFAULT mode.
2025-06-10 00:43:11.603 [main] INFO  o.s.d.r.c.RepositoryConfigurationDelegate - Finished Spring Data repository scanning in 1479 ms. Found 10 JPA repository interfaces.
2025-06-10 00:43:18.366 [main] INFO  o.s.b.w.e.tomcat.TomcatWebServer - Tomcat initialized with port 8080 (http)
2025-06-10 00:43:18.503 [main] INFO  o.a.catalina.core.StandardService - Starting service [Tomcat]
2025-06-10 00:43:18.504 [main] INFO  o.a.catalina.core.StandardEngine - Starting Servlet engine: [Apache Tomcat/10.1.39]
2025-06-10 00:43:18.725 [main] INFO  o.a.c.c.C.[Tomcat].[localhost].[/] - Initializing Spring embedded WebApplicationContext
2025-06-10 00:43:18.731 [main] INFO  o.s.b.w.s.c.ServletWebServerApplicationContext - Root WebApplicationContext: initialization completed in 25197 ms
2025-06-10 00:43:20.930 [main] INFO  o.h.jpa.internal.util.LogHelper - HHH000204: Processing PersistenceUnitInfo [name: default]
2025-06-10 00:43:21.729 [main] INFO  org.hibernate.Version - HHH000412: Hibernate ORM core version 6.6.11.Final
2025-06-10 00:43:22.091 [main] INFO  o.h.c.i.RegionFactoryInitiator - HHH000026: Second-level cache disabled
2025-06-10 00:43:24.669 [main] INFO  o.s.o.j.p.SpringPersistenceUnitInfo - No LoadTimeWeaver setup: ignoring JPA class transformer
2025-06-10 00:43:24.872 [main] INFO  com.zaxxer.hikari.HikariDataSource - HikariPool-1 - Starting...
2025-06-10 00:43:26.217 [main] INFO  com.zaxxer.hikari.pool.HikariPool - HikariPool-1 - Added connection com.mysql.cj.jdbc.ConnectionImpl@2c7aba7c
2025-06-10 00:43:26.225 [main] INFO  com.zaxxer.hikari.HikariDataSource - HikariPool-1 - Start completed.
2025-06-10 00:43:26.758 [main] INFO  o.hibernate.orm.connections.pooling - HHH10001005: Database info:
	Database JDBC URL [Connecting through datasource 'HikariDataSource (HikariPool-1)']
	Database driver: undefined/unknown
	Database version: 8.0.42
	Autocommit mode: undefined/unknown
	Isolation level: undefined/unknown
	Minimum pool size: undefined/unknown
	Maximum pool size: undefined/unknown
2025-06-10 00:43:30.225 [main] INFO  o.h.e.t.j.p.i.JtaPlatformInitiator - HHH000489: No JTA platform available (set 'hibernate.transaction.jta.platform' to enable JTA platform integration)
2025-06-10 00:43:31.618 [main] INFO  o.s.o.j.LocalContainerEntityManagerFactoryBean - Initialized JPA EntityManagerFactory for persistence unit 'default'
2025-06-10 00:43:32.807 [main] INFO  o.s.d.j.r.query.QueryEnhancerFactory - Hibernate is in classpath; If applicable, HQL parser will be used.
2025-06-10 00:43:34.377 [main] DEBUG o.s.w.f.ServerHttpObservationFilter - Filter 'webMvcObservationFilter' configured for use
2025-06-10 00:43:34.389 [main] DEBUG o.s.web.filter.CorsFilter - Filter 'corsFilterRegistrationBean' configured for use
2025-06-10 00:43:39.592 [main] DEBUG o.s.w.s.m.m.a.RequestMappingHandlerMapping - 99 mappings in 'requestMappingHandlerMapping'
2025-06-10 00:43:40.232 [main] DEBUG o.s.w.s.h.SimpleUrlHandlerMapping - Patterns [/webjars/**, /**, /uploads/profile-images/**, /uploads/event-images/**, /swagger-ui*/*swagger-initializer.js, /swagger-ui*/**] in 'resourceHandlerMapping'
2025-06-10 00:43:42.581 [main] DEBUG o.s.w.s.m.m.a.RequestMappingHandlerAdapter - ControllerAdvice beans: 0 @ModelAttribute, 0 @InitBinder, 1 RequestBodyAdvice, 1 ResponseBodyAdvice
2025-06-10 00:43:43.060 [main] DEBUG o.s.w.s.m.m.a.ExceptionHandlerExceptionResolver - ControllerAdvice beans: 2 @ExceptionHandler, 1 ResponseBodyAdvice
2025-06-10 00:43:43.444 [main] DEBUG o.s.w.s.m.m.a.ExceptionHandlerExceptionResolver - ControllerAdvice beans: 2 @ExceptionHandler, 0 ResponseBodyAdvice
2025-06-10 00:43:46.133 [main] INFO  o.s.w.s.a.s.AnnotationActionEndpointMapping - Supporting [WS-Addressing August 2004, WS-Addressing 1.0]
2025-06-10 00:43:46.820 [main] DEBUG i.n.u.i.l.InternalLoggerFactory - Using SLF4J as the default logging framework
2025-06-10 00:43:46.831 [main] DEBUG i.n.util.internal.PlatformDependent0 - -Dio.netty.noUnsafe: false
2025-06-10 00:43:46.843 [main] DEBUG i.n.util.internal.PlatformDependent0 - Java version: 21
2025-06-10 00:43:46.850 [main] DEBUG i.n.util.internal.PlatformDependent0 - sun.misc.Unsafe.theUnsafe: available
2025-06-10 00:43:46.853 [main] DEBUG i.n.util.internal.PlatformDependent0 - sun.misc.Unsafe base methods: all available
2025-06-10 00:43:46.861 [main] DEBUG i.n.util.internal.PlatformDependent0 - sun.misc.Unsafe.storeFence: available
2025-06-10 00:43:46.875 [main] DEBUG i.n.util.internal.PlatformDependent0 - java.nio.Buffer.address: available
2025-06-10 00:43:46.898 [main] DEBUG i.n.util.internal.PlatformDependent0 - direct buffer constructor: unavailable: Reflective setAccessible(true) disabled
2025-06-10 00:43:46.904 [main] DEBUG i.n.util.internal.PlatformDependent0 - java.nio.Bits.unaligned: available, true
2025-06-10 00:43:46.918 [main] DEBUG i.n.util.internal.PlatformDependent0 - jdk.internal.misc.Unsafe.allocateUninitializedArray(int): unavailable: class io.netty.util.internal.PlatformDependent0$7 cannot access class jdk.internal.misc.Unsafe (in module java.base) because module java.base does not export jdk.internal.misc to unnamed module @48ae9b55
2025-06-10 00:43:46.934 [main] DEBUG i.n.util.internal.PlatformDependent0 - java.nio.DirectByteBuffer.<init>(long, {int,long}): unavailable
2025-06-10 00:43:46.936 [main] DEBUG i.n.util.internal.PlatformDependent - sun.misc.Unsafe: available
2025-06-10 00:43:46.938 [main] DEBUG i.n.util.internal.PlatformDependent - -Dio.netty.tmpdir: /tmp (java.io.tmpdir)
2025-06-10 00:43:46.940 [main] DEBUG i.n.util.internal.PlatformDependent - -Dio.netty.bitMode: 64 (sun.arch.data.model)
2025-06-10 00:43:46.944 [main] DEBUG i.n.util.internal.PlatformDependent - -Dio.netty.maxDirectMemory: -1 bytes
2025-06-10 00:43:46.952 [main] DEBUG i.n.util.internal.PlatformDependent - -Dio.netty.uninitializedArrayAllocationThreshold: -1
2025-06-10 00:43:46.968 [main] DEBUG io.netty.util.internal.CleanerJava9 - java.nio.ByteBuffer.cleaner(): available
2025-06-10 00:43:46.985 [main] DEBUG i.n.util.internal.PlatformDependent - -Dio.netty.noPreferDirect: false
2025-06-10 00:43:47.328 [main] INFO  o.s.b.w.e.tomcat.TomcatWebServer - Tomcat started on port 8080 (http) with context path '/'
2025-06-10 00:43:47.679 [main] INFO  o.s.b.w.e.tomcat.TomcatWebServer - Tomcat initialized with port 9090 (http)
2025-06-10 00:43:47.681 [main] INFO  o.a.catalina.core.StandardService - Starting service [Tomcat]
2025-06-10 00:43:47.685 [main] INFO  o.a.catalina.core.StandardEngine - Starting Servlet engine: [Apache Tomcat/10.1.39]
2025-06-10 00:43:47.703 [main] INFO  o.a.c.c.C.[Tomcat-1].[localhost].[/] - Initializing Spring embedded WebApplicationContext
2025-06-10 00:43:47.725 [main] INFO  o.s.b.w.s.c.ServletWebServerApplicationContext - Root WebApplicationContext: initialization completed in 377 ms
2025-06-10 00:43:47.824 [main] INFO  o.s.b.a.e.web.EndpointLinksResolver - Exposing 15 endpoints beneath base path '/actuator'
2025-06-10 00:43:47.944 [main] DEBUG o.s.w.s.m.m.a.RequestMappingHandlerMapping - 1 mappings in 'requestMappingHandlerMapping'
2025-06-10 00:43:48.015 [main] DEBUG o.s.w.s.h.SimpleUrlHandlerMapping - Patterns [/webjars/**, /**, /uploads/profile-images/**, /uploads/event-images/**, /swagger-ui*/*swagger-initializer.js, /swagger-ui*/**] in 'resourceHandlerMapping'
2025-06-10 00:43:48.040 [main] DEBUG o.s.w.s.m.m.a.RequestMappingHandlerAdapter - ControllerAdvice beans: 0 @ModelAttribute, 0 @InitBinder, 1 RequestBodyAdvice, 1 ResponseBodyAdvice
2025-06-10 00:43:48.164 [main] INFO  o.s.b.w.e.tomcat.TomcatWebServer - Tomcat started on port 9090 (http) with context path '/'
2025-06-10 00:43:48.205 [main] INFO  b.com.project.music.MusicApplication - Started MusicApplication in 69.31 seconds (process running for 77.207)
2025-06-10 00:44:04.377 [http-nio-8080-exec-1] INFO  o.a.c.c.C.[Tomcat].[localhost].[/] - Initializing Spring DispatcherServlet 'dispatcherServlet'
2025-06-10 00:44:04.404 [http-nio-8080-exec-1] INFO  o.s.web.servlet.DispatcherServlet - Initializing Servlet 'dispatcherServlet'
2025-06-10 00:44:04.461 [http-nio-8080-exec-1] DEBUG o.s.web.servlet.DispatcherServlet - Detected StandardServletMultipartResolver
2025-06-10 00:44:04.488 [http-nio-8080-exec-1] DEBUG o.s.web.servlet.DispatcherServlet - Detected AcceptHeaderLocaleResolver
2025-06-10 00:44:04.492 [http-nio-8080-exec-1] DEBUG o.s.web.servlet.DispatcherServlet - Detected FixedThemeResolver
2025-06-10 00:44:04.567 [http-nio-8080-exec-1] DEBUG o.s.web.servlet.DispatcherServlet - Detected org.springframework.web.servlet.view.DefaultRequestToViewNameTranslator@358a33e3
2025-06-10 00:44:04.574 [http-nio-8080-exec-1] DEBUG o.s.web.servlet.DispatcherServlet - Detected org.springframework.web.servlet.support.SessionFlashMapManager@683cd50d
2025-06-10 00:44:04.597 [http-nio-8080-exec-1] DEBUG o.s.web.servlet.DispatcherServlet - enableLoggingRequestDetails='false': request parameters and headers will be masked to prevent unsafe logging of potentially sensitive data
2025-06-10 00:44:04.640 [http-nio-8080-exec-1] INFO  o.s.web.servlet.DispatcherServlet - Completed initialization in 224 ms
2025-06-10 00:44:05.417 [http-nio-8080-exec-1] DEBUG o.s.web.servlet.DispatcherServlet - GET "/actuator/health", parameters={}
2025-06-10 00:44:05.798 [http-nio-8080-exec-1] DEBUG o.s.w.s.h.SimpleUrlHandlerMapping - Mapped to ResourceHttpRequestHandler [classpath [META-INF/resources/], classpath [resources/], classpath [static/], classpath [public/], ServletContext [/]]
2025-06-10 00:44:05.861 [http-nio-8080-exec-1] DEBUG o.s.w.s.r.ResourceHttpRequestHandler - Resource not found
2025-06-10 00:44:05.923 [http-nio-8080-exec-1] DEBUG o.s.w.s.m.s.DefaultHandlerExceptionResolver - Resolved [org.springframework.web.servlet.resource.NoResourceFoundException: No static resource actuator/health.]
2025-06-10 00:44:05.970 [http-nio-8080-exec-1] DEBUG o.s.web.servlet.DispatcherServlet - Completed 404 NOT_FOUND
2025-06-10 00:44:09.604 [http-nio-8080-exec-2] INFO  o.a.tomcat.util.http.parser.Cookie - A cookie header was received [g_state={"i_l":0};] that contained an invalid cookie. That cookie will be ignored.
 Note: further occurrences of this error will be logged at DEBUG level.
2025-06-10 00:44:09.794 [http-nio-8080-exec-2] INFO  b.c.p.m.c.f.JwtAuthenticationFilter - Extracted JWT from Header: eyJhbGciOiJIUzUxMiJ9.eyJzdWIiOiJtYXR1ZUBlbWFpbC5jb20iLCJleHAiOjE3NDk1OTU5MTR9.sHV45n76YHrHbQODg9X4-fFZPOnmrShlYgmy_iwXheYN5YoHn4eW32hRPLQIhyy9alN9cBy6pZEL6hBwucMSVw
2025-06-10 00:44:10.859 [http-nio-8080-exec-3] DEBUG o.s.web.servlet.DispatcherServlet - POST "/auth/login", parameters={}
2025-06-10 00:44:10.900 [http-nio-8080-exec-3] DEBUG o.s.w.s.m.m.a.RequestMappingHandlerMapping - Mapped to br.com.project.music.controllers.AuthController#login(Auth)
2025-06-10 00:44:11.918 [http-nio-8080-exec-3] DEBUG o.s.w.s.m.m.a.RequestResponseBodyMethodProcessor - Read "application/json;charset=UTF-8" to [Auth(email=matue@email.com, senha=matue2025)]
2025-06-10 00:44:13.192 [http-nio-8080-exec-2] INFO  b.c.p.m.c.f.JwtAuthenticationFilter - UserDetails loaded for user: matue@email.com
2025-06-10 00:44:13.227 [http-nio-8080-exec-2] INFO  b.c.p.m.c.f.JwtAuthenticationFilter - User authentication set in SecurityContextHolder for user: matue@email.com
2025-06-10 00:44:13.247 [http-nio-8080-exec-2] DEBUG o.s.web.servlet.DispatcherServlet - GET "/auth/user/me", parameters={}
2025-06-10 00:44:13.285 [http-nio-8080-exec-2] DEBUG o.s.w.s.m.m.a.RequestMappingHandlerMapping - Mapped to br.com.project.music.controllers.AuthController#getUserDetails(HttpServletRequest)
2025-06-10 00:44:13.824 [http-nio-8080-exec-2] DEBUG o.s.w.s.m.m.a.HttpEntityMethodProcessor - Using 'application/json', given [application/json, text/plain, */*] and supported [application/json, application/*+json, application/yaml]
2025-06-10 00:44:13.836 [http-nio-8080-exec-2] DEBUG o.s.w.s.m.m.a.HttpEntityMethodProcessor - Writing [{nome=Matheus, role=ARTISTA, id=3}]
2025-06-10 00:44:14.096 [http-nio-8080-exec-2] DEBUG o.s.web.servlet.DispatcherServlet - Completed 200 OK
2025-06-10 00:44:14.099 [http-nio-8080-exec-3] INFO  b.c.p.m.s.impl.AuthServiceImpl - Gerando token JWT para o usurio: matue@email.com
2025-06-10 00:44:14.272 [http-nio-8080-exec-5] INFO  b.c.p.m.c.f.JwtAuthenticationFilter - Extracted JWT from Header: eyJhbGciOiJIUzUxMiJ9.eyJzdWIiOiJtYXR1ZUBlbWFpbC5jb20iLCJleHAiOjE3NDk1OTU5MTR9.sHV45n76YHrHbQODg9X4-fFZPOnmrShlYgmy_iwXheYN5YoHn4eW32hRPLQIhyy9alN9cBy6pZEL6hBwucMSVw
2025-06-10 00:44:14.426 [http-nio-8080-exec-3] TRACE b.c.p.m.controllers.AuthController - Usuario autenticado: matue@email.comToken: eyJhbGciOiJIUzUxMiJ9.eyJzdWIiOiJtYXR1ZUBlbWFpbC5jb20iLCJleHAiOjE3NDk2MDI2NTR9.85S8O5XNH54WHvSc0AXEjxiVp--ozWYDR33yIjDpE4hixhgXfwTdFS66JIs2I1q__AUoXD62V6v2KEl2r9O4bg
2025-06-10 00:44:14.439 [http-nio-8080-exec-3] DEBUG o.s.w.s.m.m.a.HttpEntityMethodProcessor - Using 'application/json', given [application/json, text/plain, */*] and supported [text/plain, */*, application/json, application/*+json, application/yaml]
2025-06-10 00:44:14.456 [http-nio-8080-exec-3] DEBUG o.s.w.s.m.m.a.HttpEntityMethodProcessor - Writing ["eyJhbGciOiJIUzUxMiJ9.eyJzdWIiOiJtYXR1ZUBlbWFpbC5jb20iLCJleHAiOjE3NDk2MDI2NTR9.85S8O5XNH54WHvSc0AXEjx (truncated)..."]
2025-06-10 00:44:14.458 [http-nio-8080-exec-3] DEBUG o.s.web.servlet.DispatcherServlet - Completed 200 OK
2025-06-10 00:44:14.456 [http-nio-8080-exec-5] INFO  b.c.p.m.c.f.JwtAuthenticationFilter - UserDetails loaded for user: matue@email.com
2025-06-10 00:44:14.519 [http-nio-8080-exec-5] INFO  b.c.p.m.c.f.JwtAuthenticationFilter - User authentication set in SecurityContextHolder for user: matue@email.com
2025-06-10 00:44:14.551 [http-nio-8080-exec-5] DEBUG o.s.web.servlet.DispatcherServlet - GET "/auth/user/me", parameters={}
2025-06-10 00:44:14.565 [http-nio-8080-exec-5] DEBUG o.s.w.s.m.m.a.RequestMappingHandlerMapping - Mapped to br.com.project.music.controllers.AuthController#getUserDetails(HttpServletRequest)
2025-06-10 00:44:14.612 [http-nio-8080-exec-5] DEBUG o.s.w.s.m.m.a.HttpEntityMethodProcessor - Using 'application/json', given [application/json, text/plain, */*] and supported [application/json, application/*+json, application/yaml]
2025-06-10 00:44:14.623 [http-nio-8080-exec-5] DEBUG o.s.w.s.m.m.a.HttpEntityMethodProcessor - Writing [{nome=Matheus, role=ARTISTA, id=3}]
2025-06-10 00:44:14.642 [http-nio-8080-exec-5] DEBUG o.s.web.servlet.DispatcherServlet - Completed 200 OK
2025-06-10 00:44:14.742 [http-nio-8080-exec-4] INFO  b.c.p.m.c.f.JwtAuthenticationFilter - Extracted JWT from Header: eyJhbGciOiJIUzUxMiJ9.eyJzdWIiOiJtYXR1ZUBlbWFpbC5jb20iLCJleHAiOjE3NDk1OTU5MTR9.sHV45n76YHrHbQODg9X4-fFZPOnmrShlYgmy_iwXheYN5YoHn4eW32hRPLQIhyy9alN9cBy6pZEL6hBwucMSVw
2025-06-10 00:44:14.761 [http-nio-8080-exec-4] INFO  b.c.p.m.c.f.JwtAuthenticationFilter - UserDetails loaded for user: matue@email.com
2025-06-10 00:44:14.776 [http-nio-8080-exec-4] INFO  b.c.p.m.c.f.JwtAuthenticationFilter - User authentication set in SecurityContextHolder for user: matue@email.com
2025-06-10 00:44:14.783 [http-nio-8080-exec-4] DEBUG o.s.web.servlet.DispatcherServlet - GET "/auth/user/me", parameters={}
2025-06-10 00:44:14.796 [http-nio-8080-exec-4] DEBUG o.s.w.s.m.m.a.RequestMappingHandlerMapping - Mapped to br.com.project.music.controllers.AuthController#getUserDetails(HttpServletRequest)
2025-06-10 00:44:14.921 [http-nio-8080-exec-4] DEBUG o.s.w.s.m.m.a.HttpEntityMethodProcessor - Using 'application/json', given [application/json, text/plain, */*] and supported [application/json, application/*+json, application/yaml]
2025-06-10 00:44:14.922 [http-nio-8080-exec-4] DEBUG o.s.w.s.m.m.a.HttpEntityMethodProcessor - Writing [{nome=Matheus, role=ARTISTA, id=3}]
2025-06-10 00:44:14.927 [http-nio-8080-exec-4] DEBUG o.s.web.servlet.DispatcherServlet - Completed 200 OK
2025-06-10 00:44:15.531 [http-nio-8080-exec-6] INFO  b.c.p.m.c.f.JwtAuthenticationFilter - Extracted JWT from Header: eyJhbGciOiJIUzUxMiJ9.eyJzdWIiOiJtYXR1ZUBlbWFpbC5jb20iLCJleHAiOjE3NDk1OTU5MTR9.sHV45n76YHrHbQODg9X4-fFZPOnmrShlYgmy_iwXheYN5YoHn4eW32hRPLQIhyy9alN9cBy6pZEL6hBwucMSVw
2025-06-10 00:44:15.750 [http-nio-8080-exec-6] INFO  b.c.p.m.c.f.JwtAuthenticationFilter - UserDetails loaded for user: matue@email.com
2025-06-10 00:44:15.791 [http-nio-8080-exec-6] INFO  b.c.p.m.c.f.JwtAuthenticationFilter - User authentication set in SecurityContextHolder for user: matue@email.com
2025-06-10 00:44:15.810 [http-nio-8080-exec-7] INFO  b.c.p.m.c.f.JwtAuthenticationFilter - Extracted JWT from Header: eyJhbGciOiJIUzUxMiJ9.eyJzdWIiOiJtYXR1ZUBlbWFpbC5jb20iLCJleHAiOjE3NDk1OTU5MTR9.sHV45n76YHrHbQODg9X4-fFZPOnmrShlYgmy_iwXheYN5YoHn4eW32hRPLQIhyy9alN9cBy6pZEL6hBwucMSVw
2025-06-10 00:44:15.815 [http-nio-8080-exec-6] DEBUG o.s.web.servlet.DispatcherServlet - GET "/auth/user/me", parameters={}
2025-06-10 00:44:15.875 [http-nio-8080-exec-6] DEBUG o.s.w.s.m.m.a.RequestMappingHandlerMapping - Mapped to br.com.project.music.controllers.AuthController#getUserDetails(HttpServletRequest)
2025-06-10 00:44:15.972 [http-nio-8080-exec-7] INFO  b.c.p.m.c.f.JwtAuthenticationFilter - UserDetails loaded for user: matue@email.com
2025-06-10 00:44:16.050 [http-nio-8080-exec-6] DEBUG o.s.w.s.m.m.a.HttpEntityMethodProcessor - Using 'application/json', given [application/json, text/plain, */*] and supported [application/json, application/*+json, application/yaml]
2025-06-10 00:44:16.065 [http-nio-8080-exec-6] DEBUG o.s.w.s.m.m.a.HttpEntityMethodProcessor - Writing [{nome=Matheus, role=ARTISTA, id=3}]
2025-06-10 00:44:16.082 [http-nio-8080-exec-6] DEBUG o.s.web.servlet.DispatcherServlet - Completed 200 OK
2025-06-10 00:44:16.125 [http-nio-8080-exec-7] INFO  b.c.p.m.c.f.JwtAuthenticationFilter - User authentication set in SecurityContextHolder for user: matue@email.com
2025-06-10 00:44:16.159 [http-nio-8080-exec-7] DEBUG o.s.web.servlet.DispatcherServlet - GET "/auth/user/me/profile-image", parameters={}
2025-06-10 00:44:16.164 [http-nio-8080-exec-7] DEBUG o.s.w.s.m.m.a.RequestMappingHandlerMapping - Mapped to br.com.project.music.controllers.AuthController#getProfileImage(UserDetails)
2025-06-10 00:44:16.312 [http-nio-8080-exec-7] DEBUG o.s.w.s.m.m.a.HttpEntityMethodProcessor - Found 'Content-Type:image/webp' in response
2025-06-10 00:44:16.321 [http-nio-8080-exec-7] DEBUG o.s.w.s.m.m.a.HttpEntityMethodProcessor - Writing [URL [file:///app/uploads/profile-images/07c49fe1-3fbe-4b90-aae5-6170c6b00e5f_9a29fcca-2d43-40d2-a420 (truncated)...]
2025-06-10 00:44:16.430 [http-nio-8080-exec-7] DEBUG o.s.web.servlet.DispatcherServlet - Completed 200 OK
2025-06-10 00:44:16.566 [http-nio-8080-exec-8] INFO  b.c.p.m.c.f.JwtAuthenticationFilter - Extracted JWT from Header: eyJhbGciOiJIUzUxMiJ9.eyJzdWIiOiJtYXR1ZUBlbWFpbC5jb20iLCJleHAiOjE3NDk1OTU5MTR9.sHV45n76YHrHbQODg9X4-fFZPOnmrShlYgmy_iwXheYN5YoHn4eW32hRPLQIhyy9alN9cBy6pZEL6hBwucMSVw
2025-06-10 00:44:16.621 [http-nio-8080-exec-8] INFO  b.c.p.m.c.f.JwtAuthenticationFilter - UserDetails loaded for user: matue@email.com
2025-06-10 00:44:16.653 [http-nio-8080-exec-8] INFO  b.c.p.m.c.f.JwtAuthenticationFilter - User authentication set in SecurityContextHolder for user: matue@email.com
2025-06-10 00:44:16.669 [http-nio-8080-exec-8] DEBUG o.s.web.servlet.DispatcherServlet - GET "/auth/user/me/profile-image", parameters={}
2025-06-10 00:44:16.682 [http-nio-8080-exec-8] DEBUG o.s.w.s.m.m.a.RequestMappingHandlerMapping - Mapped to br.com.project.music.controllers.AuthController#getProfileImage(UserDetails)
2025-06-10 00:44:16.764 [http-nio-8080-exec-8] DEBUG o.s.w.s.m.m.a.HttpEntityMethodProcessor - Found 'Content-Type:image/webp' in response
2025-06-10 00:44:16.765 [http-nio-8080-exec-8] DEBUG o.s.w.s.m.m.a.HttpEntityMethodProcessor - Writing [URL [file:///app/uploads/profile-images/07c49fe1-3fbe-4b90-aae5-6170c6b00e5f_9a29fcca-2d43-40d2-a420 (truncated)...]
2025-06-10 00:44:16.815 [http-nio-8080-exec-8] DEBUG o.s.web.servlet.DispatcherServlet - Completed 200 OK
2025-06-10 00:44:36.661 [http-nio-8080-exec-9] DEBUG o.s.web.servlet.DispatcherServlet - GET "/actuator/health", parameters={}
2025-06-10 00:44:36.665 [http-nio-8080-exec-9] DEBUG o.s.w.s.h.SimpleUrlHandlerMapping - Mapped to ResourceHttpRequestHandler [classpath [META-INF/resources/], classpath [resources/], classpath [static/], classpath [public/], ServletContext [/]]
2025-06-10 00:44:36.722 [http-nio-8080-exec-9] DEBUG o.s.w.s.r.ResourceHttpRequestHandler - Resource not found
2025-06-10 00:44:36.741 [http-nio-8080-exec-9] DEBUG o.s.w.s.m.s.DefaultHandlerExceptionResolver - Resolved [org.springframework.web.servlet.resource.NoResourceFoundException: No static resource actuator/health.]
2025-06-10 00:44:36.754 [http-nio-8080-exec-9] DEBUG o.s.web.servlet.DispatcherServlet - Completed 404 NOT_FOUND
2025-06-10 00:44:57.823 [http-nio-8080-exec-2] INFO  b.c.p.m.c.f.JwtAuthenticationFilter - Extracted JWT from Header: eyJhbGciOiJIUzUxMiJ9.eyJzdWIiOiJtYXR1ZUBlbWFpbC5jb20iLCJleHAiOjE3NDk2MDI2NTR9.85S8O5XNH54WHvSc0AXEjxiVp--ozWYDR33yIjDpE4hixhgXfwTdFS66JIs2I1q__AUoXD62V6v2KEl2r9O4bg
2025-06-10 00:44:58.009 [http-nio-8080-exec-2] INFO  b.c.p.m.c.f.JwtAuthenticationFilter - UserDetails loaded for user: matue@email.com
2025-06-10 00:44:58.016 [http-nio-8080-exec-2] INFO  b.c.p.m.c.f.JwtAuthenticationFilter - User authentication set in SecurityContextHolder for user: matue@email.com
2025-06-10 00:44:58.035 [http-nio-8080-exec-2] DEBUG o.s.web.servlet.DispatcherServlet - POST "/auth/register", parameters={}
2025-06-10 00:44:58.046 [http-nio-8080-exec-2] DEBUG o.s.w.s.m.m.a.RequestMappingHandlerMapping - Mapped to br.com.project.music.controllers.AuthController#registerUser(UserDTO)
2025-06-10 00:44:58.305 [http-nio-8080-exec-2] DEBUG o.s.w.s.m.m.a.RequestResponseBodyMethodProcessor - Read "application/json;charset=UTF-8" to [UserDTO(id=null, name=Felipe Martins, email=felipe@email.com, senha=matue2025, dataCriacao=null, bio (truncated)...]
2025-06-10 00:44:59.349 [http-nio-8080-exec-2] INFO  b.c.p.m.s.impl.AuthServiceImpl - Gerando token JWT para o usurio: felipe@email.com
2025-06-10 00:44:59.355 [http-nio-8080-exec-2] TRACE b.c.p.m.controllers.AuthController - Token gerado: eyJhbGciOiJIUzUxMiJ9.eyJzdWIiOiJmZWxpcGVAZW1haWwuY29tIiwiZXhwIjoxNzQ5NjAyNjk5fQ.Fzfn_ICy9WnAY4ssDSyeRPhHEp59_wAa9tR45AtxlW1o-DyRvh8DNPhpZTQ_6rQQz_JWSu5WwqP-WCx40cwYmw
2025-06-10 00:44:59.397 [http-nio-8080-exec-2] DEBUG o.s.w.s.m.m.a.HttpEntityMethodProcessor - Using 'application/json', given [application/json, text/plain, */*] and supported [application/json, application/*+json, application/yaml]
2025-06-10 00:44:59.399 [http-nio-8080-exec-2] DEBUG o.s.w.s.m.m.a.HttpEntityMethodProcessor - Writing [UserDTO(id=4, name=Felipe Martins, email=felipe@email.com, senha=null, dataCriacao=2025-06-10 00:44: (truncated)...]
2025-06-10 00:44:59.415 [http-nio-8080-exec-2] DEBUG o.s.web.servlet.DispatcherServlet - Completed 201 CREATED
2025-06-10 00:45:03.774 [http-nio-8080-exec-3] INFO  b.c.p.m.c.f.JwtAuthenticationFilter - Extracted JWT from Header: eyJhbGciOiJIUzUxMiJ9.eyJzdWIiOiJtYXR1ZUBlbWFpbC5jb20iLCJleHAiOjE3NDk2MDI2NTR9.85S8O5XNH54WHvSc0AXEjxiVp--ozWYDR33yIjDpE4hixhgXfwTdFS66JIs2I1q__AUoXD62V6v2KEl2r9O4bg
2025-06-10 00:45:03.906 [http-nio-8080-exec-3] INFO  b.c.p.m.c.f.JwtAuthenticationFilter - UserDetails loaded for user: matue@email.com
2025-06-10 00:45:03.922 [http-nio-8080-exec-3] INFO  b.c.p.m.c.f.JwtAuthenticationFilter - User authentication set in SecurityContextHolder for user: matue@email.com
2025-06-10 00:45:03.932 [http-nio-8080-exec-3] DEBUG o.s.web.servlet.DispatcherServlet - POST "/auth/login", parameters={}
2025-06-10 00:45:03.955 [http-nio-8080-exec-3] DEBUG o.s.w.s.m.m.a.RequestMappingHandlerMapping - Mapped to br.com.project.music.controllers.AuthController#login(Auth)
2025-06-10 00:45:03.982 [http-nio-8080-exec-3] DEBUG o.s.w.s.m.m.a.RequestResponseBodyMethodProcessor - Read "application/json;charset=UTF-8" to [Auth(email=felipe@email.com, senha=matue2025)]
2025-06-10 00:45:04.477 [http-nio-8080-exec-3] INFO  b.c.p.m.s.impl.AuthServiceImpl - Gerando token JWT para o usurio: felipe@email.com
2025-06-10 00:45:04.494 [http-nio-8080-exec-3] TRACE b.c.p.m.controllers.AuthController - Usuario autenticado: felipe@email.comToken: eyJhbGciOiJIUzUxMiJ9.eyJzdWIiOiJmZWxpcGVAZW1haWwuY29tIiwiZXhwIjoxNzQ5NjAyNzA0fQ.5a-p6DilH0qndesm4u7a2KMQucIbXs82Lli6obUrJGZUKkmOP2vKgfKSBp-1JHb1_lrv4iOTLe3JjsuYG5ORUA
2025-06-10 00:45:04.511 [http-nio-8080-exec-3] DEBUG o.s.w.s.m.m.a.HttpEntityMethodProcessor - Using 'application/json', given [application/json, text/plain, */*] and supported [text/plain, */*, application/json, application/*+json, application/yaml]
2025-06-10 00:45:04.521 [http-nio-8080-exec-3] DEBUG o.s.w.s.m.m.a.HttpEntityMethodProcessor - Writing ["eyJhbGciOiJIUzUxMiJ9.eyJzdWIiOiJmZWxpcGVAZW1haWwuY29tIiwiZXhwIjoxNzQ5NjAyNzA0fQ.5a-p6DilH0qndesm4u7a (truncated)..."]
2025-06-10 00:45:04.532 [http-nio-8080-exec-3] DEBUG o.s.web.servlet.DispatcherServlet - Completed 200 OK
2025-06-10 00:45:05.763 [http-nio-8080-exec-5] INFO  b.c.p.m.c.f.JwtAuthenticationFilter - Extracted JWT from Header: eyJhbGciOiJIUzUxMiJ9.eyJzdWIiOiJmZWxpcGVAZW1haWwuY29tIiwiZXhwIjoxNzQ5NjAyNzA0fQ.5a-p6DilH0qndesm4u7a2KMQucIbXs82Lli6obUrJGZUKkmOP2vKgfKSBp-1JHb1_lrv4iOTLe3JjsuYG5ORUA
2025-06-10 00:45:05.867 [http-nio-8080-exec-5] INFO  b.c.p.m.c.f.JwtAuthenticationFilter - UserDetails loaded for user: felipe@email.com
2025-06-10 00:45:05.982 [http-nio-8080-exec-5] INFO  b.c.p.m.c.f.JwtAuthenticationFilter - User authentication set in SecurityContextHolder for user: felipe@email.com
2025-06-10 00:45:05.999 [http-nio-8080-exec-5] DEBUG o.s.web.servlet.DispatcherServlet - GET "/auth/user/me", parameters={}
2025-06-10 00:45:06.003 [http-nio-8080-exec-5] DEBUG o.s.w.s.m.m.a.RequestMappingHandlerMapping - Mapped to br.com.project.music.controllers.AuthController#getUserDetails(HttpServletRequest)
2025-06-10 00:45:06.122 [http-nio-8080-exec-5] DEBUG o.s.w.s.m.m.a.HttpEntityMethodProcessor - Using 'application/json', given [application/json, text/plain, */*] and supported [application/json, application/*+json, application/yaml]
2025-06-10 00:45:06.148 [http-nio-8080-exec-5] DEBUG o.s.w.s.m.m.a.HttpEntityMethodProcessor - Writing [{nome=Felipe Martins, role=ARTISTA, id=4}]
2025-06-10 00:45:06.180 [http-nio-8080-exec-5] DEBUG o.s.web.servlet.DispatcherServlet - Completed 200 OK
2025-06-10 00:45:06.872 [http-nio-8080-exec-4] INFO  b.c.p.m.c.f.JwtAuthenticationFilter - Extracted JWT from Header: eyJhbGciOiJIUzUxMiJ9.eyJzdWIiOiJmZWxpcGVAZW1haWwuY29tIiwiZXhwIjoxNzQ5NjAyNzA0fQ.5a-p6DilH0qndesm4u7a2KMQucIbXs82Lli6obUrJGZUKkmOP2vKgfKSBp-1JHb1_lrv4iOTLe3JjsuYG5ORUA
2025-06-10 00:45:06.908 [http-nio-8080-exec-4] INFO  b.c.p.m.c.f.JwtAuthenticationFilter - UserDetails loaded for user: felipe@email.com
2025-06-10 00:45:07.023 [http-nio-8080-exec-4] INFO  b.c.p.m.c.f.JwtAuthenticationFilter - User authentication set in SecurityContextHolder for user: felipe@email.com
2025-06-10 00:45:07.024 [http-nio-8080-exec-6] INFO  b.c.p.m.c.f.JwtAuthenticationFilter - Extracted JWT from Header: eyJhbGciOiJIUzUxMiJ9.eyJzdWIiOiJmZWxpcGVAZW1haWwuY29tIiwiZXhwIjoxNzQ5NjAyNzA0fQ.5a-p6DilH0qndesm4u7a2KMQucIbXs82Lli6obUrJGZUKkmOP2vKgfKSBp-1JHb1_lrv4iOTLe3JjsuYG5ORUA
2025-06-10 00:45:07.052 [http-nio-8080-exec-4] DEBUG o.s.web.servlet.DispatcherServlet - GET "/auth/user/me", parameters={}
2025-06-10 00:45:07.071 [http-nio-8080-exec-4] DEBUG o.s.w.s.m.m.a.RequestMappingHandlerMapping - Mapped to br.com.project.music.controllers.AuthController#getUserDetails(HttpServletRequest)
2025-06-10 00:45:07.087 [http-nio-8080-exec-6] INFO  b.c.p.m.c.f.JwtAuthenticationFilter - UserDetails loaded for user: felipe@email.com
2025-06-10 00:45:07.119 [http-nio-8080-exec-6] INFO  b.c.p.m.c.f.JwtAuthenticationFilter - User authentication set in SecurityContextHolder for user: felipe@email.com
2025-06-10 00:45:07.147 [http-nio-8080-exec-6] DEBUG o.s.web.servlet.DispatcherServlet - GET "/auth/user/me/profile-image", parameters={}
2025-06-10 00:45:07.154 [http-nio-8080-exec-6] DEBUG o.s.w.s.m.m.a.RequestMappingHandlerMapping - Mapped to br.com.project.music.controllers.AuthController#getProfileImage(UserDetails)
2025-06-10 00:45:07.190 [http-nio-8080-exec-4] DEBUG o.s.w.s.m.m.a.HttpEntityMethodProcessor - Using 'application/json', given [application/json, text/plain, */*] and supported [application/json, application/*+json, application/yaml]
2025-06-10 00:45:07.192 [http-nio-8080-exec-4] DEBUG o.s.w.s.m.m.a.HttpEntityMethodProcessor - Writing [{nome=Felipe Martins, role=ARTISTA, id=4}]
2025-06-10 00:45:07.195 [http-nio-8080-exec-4] DEBUG o.s.web.servlet.DispatcherServlet - Completed 200 OK
2025-06-10 00:45:07.423 [http-nio-8080-exec-6] DEBUG o.s.w.s.m.m.a.HttpEntityMethodProcessor - Using 'application/json', given [application/json, text/plain, */*] and supported [*/*, application/json, application/*+json, application/yaml]
2025-06-10 00:45:07.435 [http-nio-8080-exec-6] DEBUG o.s.w.s.m.m.a.HttpEntityMethodProcessor - Nothing to write: null body
2025-06-10 00:45:07.472 [http-nio-8080-exec-6] DEBUG o.s.web.servlet.DispatcherServlet - Completed 404 NOT_FOUND
2025-06-10 00:45:07.718 [http-nio-8080-exec-7] INFO  b.c.p.m.c.f.JwtAuthenticationFilter - Extracted JWT from Header: eyJhbGciOiJIUzUxMiJ9.eyJzdWIiOiJmZWxpcGVAZW1haWwuY29tIiwiZXhwIjoxNzQ5NjAyNzA0fQ.5a-p6DilH0qndesm4u7a2KMQucIbXs82Lli6obUrJGZUKkmOP2vKgfKSBp-1JHb1_lrv4iOTLe3JjsuYG5ORUA
2025-06-10 00:45:07.736 [http-nio-8080-exec-7] INFO  b.c.p.m.c.f.JwtAuthenticationFilter - UserDetails loaded for user: felipe@email.com
2025-06-10 00:45:07.739 [http-nio-8080-exec-7] INFO  b.c.p.m.c.f.JwtAuthenticationFilter - User authentication set in SecurityContextHolder for user: felipe@email.com
2025-06-10 00:45:07.749 [http-nio-8080-exec-7] DEBUG o.s.web.servlet.DispatcherServlet - GET "/auth/user/me/profile-image", parameters={}
2025-06-10 00:45:07.759 [http-nio-8080-exec-7] DEBUG o.s.w.s.m.m.a.RequestMappingHandlerMapping - Mapped to br.com.project.music.controllers.AuthController#getProfileImage(UserDetails)
2025-06-10 00:45:07.834 [http-nio-8080-exec-7] DEBUG o.s.w.s.m.m.a.HttpEntityMethodProcessor - Using 'application/json', given [application/json, text/plain, */*] and supported [*/*, application/json, application/*+json, application/yaml]
2025-06-10 00:45:07.854 [http-nio-8080-exec-7] DEBUG o.s.w.s.m.m.a.HttpEntityMethodProcessor - Nothing to write: null body
2025-06-10 00:45:07.874 [http-nio-8080-exec-7] DEBUG o.s.web.servlet.DispatcherServlet - Completed 404 NOT_FOUND
2025-06-10 00:45:08.054 [http-nio-8080-exec-8] DEBUG o.s.web.servlet.DispatcherServlet - GET "/actuator/health", parameters={}
2025-06-10 00:45:08.070 [http-nio-8080-exec-8] DEBUG o.s.w.s.h.SimpleUrlHandlerMapping - Mapped to ResourceHttpRequestHandler [classpath [META-INF/resources/], classpath [resources/], classpath [static/], classpath [public/], ServletContext [/]]
2025-06-10 00:45:08.098 [http-nio-8080-exec-8] DEBUG o.s.w.s.r.ResourceHttpRequestHandler - Resource not found
2025-06-10 00:45:08.112 [http-nio-8080-exec-8] DEBUG o.s.w.s.m.s.DefaultHandlerExceptionResolver - Resolved [org.springframework.web.servlet.resource.NoResourceFoundException: No static resource actuator/health.]
2025-06-10 00:45:08.124 [http-nio-8080-exec-8] DEBUG o.s.web.servlet.DispatcherServlet - Completed 404 NOT_FOUND
2025-06-10 00:45:23.813 [http-nio-8080-exec-2] DEBUG o.s.web.servlet.DispatcherServlet - GET "/users", parameters={}
2025-06-10 00:45:23.819 [http-nio-8080-exec-2] DEBUG o.s.w.s.m.m.a.RequestMappingHandlerMapping - Mapped to br.com.project.music.controllers.UserController#getAllUsers()
2025-06-10 00:45:24.358 [http-nio-8080-exec-2] INFO  b.c.p.m.controllers.UserController - Returning all users from the database.
2025-06-10 00:45:24.570 [http-nio-8080-exec-2] DEBUG o.s.w.s.m.m.a.HttpEntityMethodProcessor - Using 'application/json', given [*/*] and supported [application/json, application/*+json, application/yaml]
2025-06-10 00:45:24.573 [http-nio-8080-exec-2] DEBUG o.s.w.s.m.m.a.HttpEntityMethodProcessor - Writing [[UserDTO(id=1, name=GABRIEL PEGO FEITOSA, email=gabriel37396@fiec.edu.br, senha=null, dataCriacao=20 (truncated)...]
2025-06-10 00:45:24.613 [http-nio-8080-exec-2] DEBUG o.s.web.servlet.DispatcherServlet - Completed 200 OK
2025-06-10 00:45:38.318 [http-nio-8080-exec-3] DEBUG o.s.web.servlet.DispatcherServlet - GET "/actuator/health", parameters={}
2025-06-10 00:45:38.331 [http-nio-8080-exec-3] DEBUG o.s.w.s.h.SimpleUrlHandlerMapping - Mapped to ResourceHttpRequestHandler [classpath [META-INF/resources/], classpath [resources/], classpath [static/], classpath [public/], ServletContext [/]]
2025-06-10 00:45:38.347 [http-nio-8080-exec-3] DEBUG o.s.w.s.r.ResourceHttpRequestHandler - Resource not found
2025-06-10 00:45:38.348 [http-nio-8080-exec-3] DEBUG o.s.w.s.m.s.DefaultHandlerExceptionResolver - Resolved [org.springframework.web.servlet.resource.NoResourceFoundException: No static resource actuator/health.]
2025-06-10 00:45:38.356 [http-nio-8080-exec-3] DEBUG o.s.web.servlet.DispatcherServlet - Completed 404 NOT_FOUND
2025-06-10 00:46:08.549 [http-nio-8080-exec-5] DEBUG o.s.web.servlet.DispatcherServlet - GET "/actuator/health", parameters={}
2025-06-10 00:46:08.565 [http-nio-8080-exec-5] DEBUG o.s.w.s.h.SimpleUrlHandlerMapping - Mapped to ResourceHttpRequestHandler [classpath [META-INF/resources/], classpath [resources/], classpath [static/], classpath [public/], ServletContext [/]]
2025-06-10 00:46:08.599 [http-nio-8080-exec-5] DEBUG o.s.w.s.r.ResourceHttpRequestHandler - Resource not found
2025-06-10 00:46:08.609 [http-nio-8080-exec-5] DEBUG o.s.w.s.m.s.DefaultHandlerExceptionResolver - Resolved [org.springframework.web.servlet.resource.NoResourceFoundException: No static resource actuator/health.]
2025-06-10 00:46:08.616 [http-nio-8080-exec-5] DEBUG o.s.web.servlet.DispatcherServlet - Completed 404 NOT_FOUND
2025-06-10 00:46:38.797 [http-nio-8080-exec-6] DEBUG o.s.web.servlet.DispatcherServlet - GET "/actuator/health", parameters={}
2025-06-10 00:46:38.826 [http-nio-8080-exec-6] DEBUG o.s.w.s.h.SimpleUrlHandlerMapping - Mapped to ResourceHttpRequestHandler [classpath [META-INF/resources/], classpath [resources/], classpath [static/], classpath [public/], ServletContext [/]]
2025-06-10 00:46:38.841 [http-nio-8080-exec-6] DEBUG o.s.w.s.r.ResourceHttpRequestHandler - Resource not found
2025-06-10 00:46:38.844 [http-nio-8080-exec-6] DEBUG o.s.w.s.m.s.DefaultHandlerExceptionResolver - Resolved [org.springframework.web.servlet.resource.NoResourceFoundException: No static resource actuator/health.]
2025-06-10 00:46:38.851 [http-nio-8080-exec-6] DEBUG o.s.web.servlet.DispatcherServlet - Completed 404 NOT_FOUND
2025-06-10 00:47:01.018 [SpringApplicationShutdownHook] INFO  o.s.b.w.e.tomcat.GracefulShutdown - Commencing graceful shutdown. Waiting for active requests to complete
2025-06-10 00:47:01.125 [tomcat-shutdown] INFO  o.s.b.w.e.tomcat.GracefulShutdown - Graceful shutdown complete
2025-06-10 00:47:01.146 [SpringApplicationShutdownHook] INFO  o.s.b.w.e.tomcat.GracefulShutdown - Commencing graceful shutdown. Waiting for active requests to complete
2025-06-10 00:47:01.163 [tomcat-shutdown] INFO  o.s.b.w.e.tomcat.GracefulShutdown - Graceful shutdown complete
2025-06-10 00:47:02.768 [SpringApplicationShutdownHook] INFO  o.s.o.j.LocalContainerEntityManagerFactoryBean - Closing JPA EntityManagerFactory for persistence unit 'default'
2025-06-10 00:47:02.909 [SpringApplicationShutdownHook] INFO  com.zaxxer.hikari.HikariDataSource - HikariPool-1 - Shutdown initiated...
2025-06-10 00:47:03.119 [SpringApplicationShutdownHook] INFO  com.zaxxer.hikari.HikariDataSource - HikariPool-1 - Shutdown completed.
